# project  configured on Tue Jun 20 16:50:15 2023 by
# waf 1.9.2 (abi 99, python 2070cf0 on linux2)
# using /home/ari-new-ae/conattest/ardupilot/modules/waf/waf-light --disable-tests configure --board=sitl
#
----------------------------------------
Setting top to
/home/ari-new-ae/conattest/ardupilot
----------------------------------------
Setting out to
/home/ari-new-ae/conattest/ardupilot/build
----------------------------------------
Autoconfiguration
enabled
----------------------------------------
Setting board to
sitl
---------------------------------------------
Checking for program 'arm-linux-gnueabihf-ar'
/usr/bin/arm-linux-gnueabihf-ar
find program=['arm-linux-gnueabihf-ar'] paths=['/home/ari-new-ae/bin', '/home/ari-new-ae/.local/bin', '/usr/local/sbin', '/usr/local/bin', '/usr/sbin', '/usr/bin', '/sbin', '/bin', '/usr/games', '/usr/local/games', '/snap/bin', '/home/ari-new-ae/conattest/conattest/gcc-linaro-6.2.1-2016.11-x86_64_arm-linux-gnueabihf/bin', '/home/ari-new-ae/conattest/gcc-linaro-6.2.1-2016.11-x86_64_arm-linux-gnueabihf/bin', '/home/ari-new-ae/conattestllvm/build/bin'] var='AR' -> ['/usr/bin/arm-linux-gnueabihf-ar']
---------------------------------------------
Using toolchain
arm-linux-gnueabihf
---------------------------------------------
Checking for 'g++' (C++ compiler)
find program=['arm-linux-gnueabihf-g++', 'arm-linux-gnueabihf-c++'] paths=['/home/ari-new-ae/bin', '/home/ari-new-ae/.local/bin', '/usr/local/sbin', '/usr/local/bin', '/usr/sbin', '/usr/bin', '/sbin', '/bin', '/usr/games', '/usr/local/games', '/snap/bin', '/home/ari-new-ae/conattest/conattest/gcc-linaro-6.2.1-2016.11-x86_64_arm-linux-gnueabihf/bin', '/home/ari-new-ae/conattest/gcc-linaro-6.2.1-2016.11-x86_64_arm-linux-gnueabihf/bin', '/home/ari-new-ae/conattestllvm/build/bin'] var='CXX' -> ['clang++']
['clang++', '-dM', '-E', '-']
out: #define _LP64 1
#define __ATOMIC_ACQUIRE 2
#define __ATOMIC_ACQ_REL 4
#define __ATOMIC_CONSUME 1
#define __ATOMIC_RELAXED 0
#define __ATOMIC_RELEASE 3
#define __ATOMIC_SEQ_CST 5
#define __BIGGEST_ALIGNMENT__ 16
#define __BYTE_ORDER__ __ORDER_LITTLE_ENDIAN__
#define __CHAR16_TYPE__ unsigned short
#define __CHAR32_TYPE__ unsigned int
#define __CHAR_BIT__ 8
#define __CONSTANT_CFSTRINGS__ 1
#define __DBL_DECIMAL_DIG__ 17
#define __DBL_DENORM_MIN__ 4.9406564584124654e-324
#define __DBL_DIG__ 15
#define __DBL_EPSILON__ 2.2204460492503131e-16
#define __DBL_HAS_DENORM__ 1
#define __DBL_HAS_INFINITY__ 1
#define __DBL_HAS_QUIET_NAN__ 1
#define __DBL_MANT_DIG__ 53
#define __DBL_MAX_10_EXP__ 308
#define __DBL_MAX_EXP__ 1024
#define __DBL_MAX__ 1.7976931348623157e+308
#define __DBL_MIN_10_EXP__ (-307)
#define __DBL_MIN_EXP__ (-1021)
#define __DBL_MIN__ 2.2250738585072014e-308
#define __DECIMAL_DIG__ __LDBL_DECIMAL_DIG__
#define __ELF__ 1
#define __FINITE_MATH_ONLY__ 0
#define __FLOAT128__ 1
#define __FLT_DECIMAL_DIG__ 9
#define __FLT_DENORM_MIN__ 1.40129846e-45F
#define __FLT_DIG__ 6
#define __FLT_EPSILON__ 1.19209290e-7F
#define __FLT_EVAL_METHOD__ 0
#define __FLT_HAS_DENORM__ 1
#define __FLT_HAS_INFINITY__ 1
#define __FLT_HAS_QUIET_NAN__ 1
#define __FLT_MANT_DIG__ 24
#define __FLT_MAX_10_EXP__ 38
#define __FLT_MAX_EXP__ 128
#define __FLT_MAX__ 3.40282347e+38F
#define __FLT_MIN_10_EXP__ (-37)
#define __FLT_MIN_EXP__ (-125)
#define __FLT_MIN__ 1.17549435e-38F
#define __FLT_RADIX__ 2
#define __FXSR__ 1
#define __GCC_ATOMIC_BOOL_LOCK_FREE 2
#define __GCC_ATOMIC_CHAR16_T_LOCK_FREE 2
#define __GCC_ATOMIC_CHAR32_T_LOCK_FREE 2
#define __GCC_ATOMIC_CHAR_LOCK_FREE 2
#define __GCC_ATOMIC_INT_LOCK_FREE 2
#define __GCC_ATOMIC_LLONG_LOCK_FREE 2
#define __GCC_ATOMIC_LONG_LOCK_FREE 2
#define __GCC_ATOMIC_POINTER_LOCK_FREE 2
#define __GCC_ATOMIC_SHORT_LOCK_FREE 2
#define __GCC_ATOMIC_TEST_AND_SET_TRUEVAL 1
#define __GCC_ATOMIC_WCHAR_T_LOCK_FREE 2
#define __GCC_HAVE_SYNC_COMPARE_AND_SWAP_1 1
#define __GCC_HAVE_SYNC_COMPARE_AND_SWAP_2 1
#define __GCC_HAVE_SYNC_COMPARE_AND_SWAP_4 1
#define __GCC_HAVE_SYNC_COMPARE_AND_SWAP_8 1
#define __GNUC_MINOR__ 2
#define __GNUC_PATCHLEVEL__ 1
#define __GNUC_STDC_INLINE__ 1
#define __GNUC__ 4
#define __GXX_ABI_VERSION 1002
#define __INT16_C_SUFFIX__ 
#define __INT16_FMTd__ "hd"
#define __INT16_FMTi__ "hi"
#define __INT16_MAX__ 32767
#define __INT16_TYPE__ short
#define __INT32_C_SUFFIX__ 
#define __INT32_FMTd__ "d"
#define __INT32_FMTi__ "i"
#define __INT32_MAX__ 2147483647
#define __INT32_TYPE__ int
#define __INT64_C_SUFFIX__ L
#define __INT64_FMTd__ "ld"
#define __INT64_FMTi__ "li"
#define __INT64_MAX__ 9223372036854775807L
#define __INT64_TYPE__ long int
#define __INT8_C_SUFFIX__ 
#define __INT8_FMTd__ "hhd"
#define __INT8_FMTi__ "hhi"
#define __INT8_MAX__ 127
#define __INT8_TYPE__ signed char
#define __INTMAX_C_SUFFIX__ L
#define __INTMAX_FMTd__ "ld"
#define __INTMAX_FMTi__ "li"
#define __INTMAX_MAX__ 9223372036854775807L
#define __INTMAX_TYPE__ long int
#define __INTMAX_WIDTH__ 64
#define __INTPTR_FMTd__ "ld"
#define __INTPTR_FMTi__ "li"
#define __INTPTR_MAX__ 9223372036854775807L
#define __INTPTR_TYPE__ long int
#define __INTPTR_WIDTH__ 64
#define __INT_FAST16_FMTd__ "hd"
#define __INT_FAST16_FMTi__ "hi"
#define __INT_FAST16_MAX__ 32767
#define __INT_FAST16_TYPE__ short
#define __INT_FAST32_FMTd__ "d"
#define __INT_FAST32_FMTi__ "i"
#define __INT_FAST32_MAX__ 2147483647
#define __INT_FAST32_TYPE__ int
#define __INT_FAST64_FMTd__ "ld"
#define __INT_FAST64_FMTi__ "li"
#define __INT_FAST64_MAX__ 9223372036854775807L
#define __INT_FAST64_TYPE__ long int
#define __INT_FAST8_FMTd__ "hhd"
#define __INT_FAST8_FMTi__ "hhi"
#define __INT_FAST8_MAX__ 127
#define __INT_FAST8_TYPE__ signed char
#define __INT_LEAST16_FMTd__ "hd"
#define __INT_LEAST16_FMTi__ "hi"
#define __INT_LEAST16_MAX__ 32767
#define __INT_LEAST16_TYPE__ short
#define __INT_LEAST32_FMTd__ "d"
#define __INT_LEAST32_FMTi__ "i"
#define __INT_LEAST32_MAX__ 2147483647
#define __INT_LEAST32_TYPE__ int
#define __INT_LEAST64_FMTd__ "ld"
#define __INT_LEAST64_FMTi__ "li"
#define __INT_LEAST64_MAX__ 9223372036854775807L
#define __INT_LEAST64_TYPE__ long int
#define __INT_LEAST8_FMTd__ "hhd"
#define __INT_LEAST8_FMTi__ "hhi"
#define __INT_LEAST8_MAX__ 127
#define __INT_LEAST8_TYPE__ signed char
#define __INT_MAX__ 2147483647
#define __LDBL_DECIMAL_DIG__ 21
#define __LDBL_DENORM_MIN__ 3.64519953188247460253e-4951L
#define __LDBL_DIG__ 18
#define __LDBL_EPSILON__ 1.08420217248550443401e-19L
#define __LDBL_HAS_DENORM__ 1
#define __LDBL_HAS_INFINITY__ 1
#define __LDBL_HAS_QUIET_NAN__ 1
#define __LDBL_MANT_DIG__ 64
#define __LDBL_MAX_10_EXP__ 4932
#define __LDBL_MAX_EXP__ 16384
#define __LDBL_MAX__ 1.18973149535723176502e+4932L
#define __LDBL_MIN_10_EXP__ (-4931)
#define __LDBL_MIN_EXP__ (-16381)
#define __LDBL_MIN__ 3.36210314311209350626e-4932L
#define __LITTLE_ENDIAN__ 1
#define __LONG_LONG_MAX__ 9223372036854775807LL
#define __LONG_MAX__ 9223372036854775807L
#define __LP64__ 1
#define __MMX__ 1
#define __NO_INLINE__ 1
#define __NO_MATH_INLINES 1
#define __ORDER_BIG_ENDIAN__ 4321
#define __ORDER_LITTLE_ENDIAN__ 1234
#define __ORDER_PDP_ENDIAN__ 3412
#define __POINTER_WIDTH__ 64
#define __PRAGMA_REDEFINE_EXTNAME 1
#define __PTRDIFF_FMTd__ "ld"
#define __PTRDIFF_FMTi__ "li"
#define __PTRDIFF_MAX__ 9223372036854775807L
#define __PTRDIFF_TYPE__ long int
#define __PTRDIFF_WIDTH__ 64
#define __REGISTER_PREFIX__ 
#define __SCHAR_MAX__ 127
#define __SHRT_MAX__ 32767
#define __SIG_ATOMIC_MAX__ 2147483647
#define __SIG_ATOMIC_WIDTH__ 32
#define __SIZEOF_DOUBLE__ 8
#define __SIZEOF_FLOAT__ 4
#define __SIZEOF_INT128__ 16
#define __SIZEOF_INT__ 4
#define __SIZEOF_LONG_DOUBLE__ 16
#define __SIZEOF_LONG_LONG__ 8
#define __SIZEOF_LONG__ 8
#define __SIZEOF_POINTER__ 8
#define __SIZEOF_PTRDIFF_T__ 8
#define __SIZEOF_SHORT__ 2
#define __SIZEOF_SIZE_T__ 8
#define __SIZEOF_WCHAR_T__ 4
#define __SIZEOF_WINT_T__ 4
#define __SIZE_FMTX__ "lX"
#define __SIZE_FMTo__ "lo"
#define __SIZE_FMTu__ "lu"
#define __SIZE_FMTx__ "lx"
#define __SIZE_MAX__ 18446744073709551615UL
#define __SIZE_TYPE__ long unsigned int
#define __SIZE_WIDTH__ 64
#define __SSE2_MATH__ 1
#define __SSE2__ 1
#define __SSE_MATH__ 1
#define __SSE__ 1
#define __STDC_HOSTED__ 1
#define __STDC_UTF_16__ 1
#define __STDC_UTF_32__ 1
#define __STDC_VERSION__ 201112L
#define __STDC__ 1
#define __UINT16_C_SUFFIX__ 
#define __UINT16_FMTX__ "hX"
#define __UINT16_FMTo__ "ho"
#define __UINT16_FMTu__ "hu"
#define __UINT16_FMTx__ "hx"
#define __UINT16_MAX__ 65535
#define __UINT16_TYPE__ unsigned short
#define __UINT32_C_SUFFIX__ U
#define __UINT32_FMTX__ "X"
#define __UINT32_FMTo__ "o"
#define __UINT32_FMTu__ "u"
#define __UINT32_FMTx__ "x"
#define __UINT32_MAX__ 4294967295U
#define __UINT32_TYPE__ unsigned int
#define __UINT64_C_SUFFIX__ UL
#define __UINT64_FMTX__ "lX"
#define __UINT64_FMTo__ "lo"
#define __UINT64_FMTu__ "lu"
#define __UINT64_FMTx__ "lx"
#define __UINT64_MAX__ 18446744073709551615UL
#define __UINT64_TYPE__ long unsigned int
#define __UINT8_C_SUFFIX__ 
#define __UINT8_FMTX__ "hhX"
#define __UINT8_FMTo__ "hho"
#define __UINT8_FMTu__ "hhu"
#define __UINT8_FMTx__ "hhx"
#define __UINT8_MAX__ 255
#define __UINT8_TYPE__ unsigned char
#define __UINTMAX_C_SUFFIX__ UL
#define __UINTMAX_FMTX__ "lX"
#define __UINTMAX_FMTo__ "lo"
#define __UINTMAX_FMTu__ "lu"
#define __UINTMAX_FMTx__ "lx"
#define __UINTMAX_MAX__ 18446744073709551615UL
#define __UINTMAX_TYPE__ long unsigned int
#define __UINTMAX_WIDTH__ 64
#define __UINTPTR_FMTX__ "lX"
#define __UINTPTR_FMTo__ "lo"
#define __UINTPTR_FMTu__ "lu"
#define __UINTPTR_FMTx__ "lx"
#define __UINTPTR_MAX__ 18446744073709551615UL
#define __UINTPTR_TYPE__ long unsigned int
#define __UINTPTR_WIDTH__ 64
#define __UINT_FAST16_FMTX__ "hX"
#define __UINT_FAST16_FMTo__ "ho"
#define __UINT_FAST16_FMTu__ "hu"
#define __UINT_FAST16_FMTx__ "hx"
#define __UINT_FAST16_MAX__ 65535
#define __UINT_FAST16_TYPE__ unsigned short
#define __UINT_FAST32_FMTX__ "X"
#define __UINT_FAST32_FMTo__ "o"
#define __UINT_FAST32_FMTu__ "u"
#define __UINT_FAST32_FMTx__ "x"
#define __UINT_FAST32_MAX__ 4294967295U
#define __UINT_FAST32_TYPE__ unsigned int
#define __UINT_FAST64_FMTX__ "lX"
#define __UINT_FAST64_FMTo__ "lo"
#define __UINT_FAST64_FMTu__ "lu"
#define __UINT_FAST64_FMTx__ "lx"
#define __UINT_FAST64_MAX__ 18446744073709551615UL
#define __UINT_FAST64_TYPE__ long unsigned int
#define __UINT_FAST8_FMTX__ "hhX"
#define __UINT_FAST8_FMTo__ "hho"
#define __UINT_FAST8_FMTu__ "hhu"
#define __UINT_FAST8_FMTx__ "hhx"
#define __UINT_FAST8_MAX__ 255
#define __UINT_FAST8_TYPE__ unsigned char
#define __UINT_LEAST16_FMTX__ "hX"
#define __UINT_LEAST16_FMTo__ "ho"
#define __UINT_LEAST16_FMTu__ "hu"
#define __UINT_LEAST16_FMTx__ "hx"
#define __UINT_LEAST16_MAX__ 65535
#define __UINT_LEAST16_TYPE__ unsigned short
#define __UINT_LEAST32_FMTX__ "X"
#define __UINT_LEAST32_FMTo__ "o"
#define __UINT_LEAST32_FMTu__ "u"
#define __UINT_LEAST32_FMTx__ "x"
#define __UINT_LEAST32_MAX__ 4294967295U
#define __UINT_LEAST32_TYPE__ unsigned int
#define __UINT_LEAST64_FMTX__ "lX"
#define __UINT_LEAST64_FMTo__ "lo"
#define __UINT_LEAST64_FMTu__ "lu"
#define __UINT_LEAST64_FMTx__ "lx"
#define __UINT_LEAST64_MAX__ 18446744073709551615UL
#define __UINT_LEAST64_TYPE__ long unsigned int
#define __UINT_LEAST8_FMTX__ "hhX"
#define __UINT_LEAST8_FMTo__ "hho"
#define __UINT_LEAST8_FMTu__ "hhu"
#define __UINT_LEAST8_FMTx__ "hhx"
#define __UINT_LEAST8_MAX__ 255
#define __UINT_LEAST8_TYPE__ unsigned char
#define __USER_LABEL_PREFIX__ 
#define __VERSION__ "4.2.1 Compatible Clang 3.9.1 (tags/RELEASE_391/rc2)"
#define __WCHAR_MAX__ 2147483647
#define __WCHAR_TYPE__ int
#define __WCHAR_WIDTH__ 32
#define __WINT_TYPE__ unsigned int
#define __WINT_UNSIGNED__ 1
#define __WINT_WIDTH__ 32
#define __amd64 1
#define __amd64__ 1
#define __clang__ 1
#define __clang_major__ 3
#define __clang_minor__ 9
#define __clang_patchlevel__ 1
#define __clang_version__ "3.9.1 (tags/RELEASE_391/rc2)"
#define __gnu_linux__ 1
#define __k8 1
#define __k8__ 1
#define __linux 1
#define __linux__ 1
#define __llvm__ 1
#define __tune_k8__ 1
#define __unix 1
#define __unix__ 1
#define __x86_64 1
#define __x86_64__ 1
#define linux 1
#define unix 1

from /home/ari-new-ae/conattest/ardupilot: Could not find gcc/g++ (only Clang), if renamed try eg: CC=gcc48 CXX=g++48 waf configure
not found
---------------------------------------------
Checking for 'clang++' (C++ compiler)
find program=['arm-linux-gnueabihf-gcc'] paths=['/home/ari-new-ae/bin', '/home/ari-new-ae/.local/bin', '/usr/local/sbin', '/usr/local/bin', '/usr/sbin', '/usr/bin', '/sbin', '/bin', '/usr/games', '/usr/local/games', '/snap/bin', '/home/ari-new-ae/conattest/conattest/gcc-linaro-6.2.1-2016.11-x86_64_arm-linux-gnueabihf/bin', '/home/ari-new-ae/conattest/gcc-linaro-6.2.1-2016.11-x86_64_arm-linux-gnueabihf/bin', '/home/ari-new-ae/conattestllvm/build/bin'] var='CROSS_GCC' -> ['/usr/bin/arm-linux-gnueabihf-gcc']
find program=['arm-linux-gnueabihf-ar'] paths=['/home/ari-new-ae/bin', '/home/ari-new-ae/.local/bin', '/usr/local/sbin', '/usr/local/bin', '/usr/sbin', '/usr/bin', '/sbin', '/bin', '/usr/games', '/usr/local/games', '/snap/bin', '/home/ari-new-ae/conattest/conattest/gcc-linaro-6.2.1-2016.11-x86_64_arm-linux-gnueabihf/bin', '/home/ari-new-ae/conattest/gcc-linaro-6.2.1-2016.11-x86_64_arm-linux-gnueabihf/bin', '/home/ari-new-ae/conattestllvm/build/bin'] var='TOOLCHAIN_CROSS_AR' -> ['/usr/bin/arm-linux-gnueabihf-ar']
find program=['clang++'] paths=['/home/ari-new-ae/bin', '/home/ari-new-ae/.local/bin', '/usr/local/sbin', '/usr/local/bin', '/usr/sbin', '/usr/bin', '/sbin', '/bin', '/usr/games', '/usr/local/games', '/snap/bin', '/home/ari-new-ae/conattest/conattest/gcc-linaro-6.2.1-2016.11-x86_64_arm-linux-gnueabihf/bin', '/home/ari-new-ae/conattest/gcc-linaro-6.2.1-2016.11-x86_64_arm-linux-gnueabihf/bin', '/home/ari-new-ae/conattestllvm/build/bin'] var='CXX' -> ['clang++']
['clang++', '-dM', '-E', '-']
out: #define _LP64 1
#define __ATOMIC_ACQUIRE 2
#define __ATOMIC_ACQ_REL 4
#define __ATOMIC_CONSUME 1
#define __ATOMIC_RELAXED 0
#define __ATOMIC_RELEASE 3
#define __ATOMIC_SEQ_CST 5
#define __BIGGEST_ALIGNMENT__ 16
#define __BYTE_ORDER__ __ORDER_LITTLE_ENDIAN__
#define __CHAR16_TYPE__ unsigned short
#define __CHAR32_TYPE__ unsigned int
#define __CHAR_BIT__ 8
#define __CONSTANT_CFSTRINGS__ 1
#define __DBL_DECIMAL_DIG__ 17
#define __DBL_DENORM_MIN__ 4.9406564584124654e-324
#define __DBL_DIG__ 15
#define __DBL_EPSILON__ 2.2204460492503131e-16
#define __DBL_HAS_DENORM__ 1
#define __DBL_HAS_INFINITY__ 1
#define __DBL_HAS_QUIET_NAN__ 1
#define __DBL_MANT_DIG__ 53
#define __DBL_MAX_10_EXP__ 308
#define __DBL_MAX_EXP__ 1024
#define __DBL_MAX__ 1.7976931348623157e+308
#define __DBL_MIN_10_EXP__ (-307)
#define __DBL_MIN_EXP__ (-1021)
#define __DBL_MIN__ 2.2250738585072014e-308
#define __DECIMAL_DIG__ __LDBL_DECIMAL_DIG__
#define __ELF__ 1
#define __FINITE_MATH_ONLY__ 0
#define __FLOAT128__ 1
#define __FLT_DECIMAL_DIG__ 9
#define __FLT_DENORM_MIN__ 1.40129846e-45F
#define __FLT_DIG__ 6
#define __FLT_EPSILON__ 1.19209290e-7F
#define __FLT_EVAL_METHOD__ 0
#define __FLT_HAS_DENORM__ 1
#define __FLT_HAS_INFINITY__ 1
#define __FLT_HAS_QUIET_NAN__ 1
#define __FLT_MANT_DIG__ 24
#define __FLT_MAX_10_EXP__ 38
#define __FLT_MAX_EXP__ 128
#define __FLT_MAX__ 3.40282347e+38F
#define __FLT_MIN_10_EXP__ (-37)
#define __FLT_MIN_EXP__ (-125)
#define __FLT_MIN__ 1.17549435e-38F
#define __FLT_RADIX__ 2
#define __FXSR__ 1
#define __GCC_ATOMIC_BOOL_LOCK_FREE 2
#define __GCC_ATOMIC_CHAR16_T_LOCK_FREE 2
#define __GCC_ATOMIC_CHAR32_T_LOCK_FREE 2
#define __GCC_ATOMIC_CHAR_LOCK_FREE 2
#define __GCC_ATOMIC_INT_LOCK_FREE 2
#define __GCC_ATOMIC_LLONG_LOCK_FREE 2
#define __GCC_ATOMIC_LONG_LOCK_FREE 2
#define __GCC_ATOMIC_POINTER_LOCK_FREE 2
#define __GCC_ATOMIC_SHORT_LOCK_FREE 2
#define __GCC_ATOMIC_TEST_AND_SET_TRUEVAL 1
#define __GCC_ATOMIC_WCHAR_T_LOCK_FREE 2
#define __GCC_HAVE_SYNC_COMPARE_AND_SWAP_1 1
#define __GCC_HAVE_SYNC_COMPARE_AND_SWAP_2 1
#define __GCC_HAVE_SYNC_COMPARE_AND_SWAP_4 1
#define __GCC_HAVE_SYNC_COMPARE_AND_SWAP_8 1
#define __GNUC_MINOR__ 2
#define __GNUC_PATCHLEVEL__ 1
#define __GNUC_STDC_INLINE__ 1
#define __GNUC__ 4
#define __GXX_ABI_VERSION 1002
#define __INT16_C_SUFFIX__ 
#define __INT16_FMTd__ "hd"
#define __INT16_FMTi__ "hi"
#define __INT16_MAX__ 32767
#define __INT16_TYPE__ short
#define __INT32_C_SUFFIX__ 
#define __INT32_FMTd__ "d"
#define __INT32_FMTi__ "i"
#define __INT32_MAX__ 2147483647
#define __INT32_TYPE__ int
#define __INT64_C_SUFFIX__ L
#define __INT64_FMTd__ "ld"
#define __INT64_FMTi__ "li"
#define __INT64_MAX__ 9223372036854775807L
#define __INT64_TYPE__ long int
#define __INT8_C_SUFFIX__ 
#define __INT8_FMTd__ "hhd"
#define __INT8_FMTi__ "hhi"
#define __INT8_MAX__ 127
#define __INT8_TYPE__ signed char
#define __INTMAX_C_SUFFIX__ L
#define __INTMAX_FMTd__ "ld"
#define __INTMAX_FMTi__ "li"
#define __INTMAX_MAX__ 9223372036854775807L
#define __INTMAX_TYPE__ long int
#define __INTMAX_WIDTH__ 64
#define __INTPTR_FMTd__ "ld"
#define __INTPTR_FMTi__ "li"
#define __INTPTR_MAX__ 9223372036854775807L
#define __INTPTR_TYPE__ long int
#define __INTPTR_WIDTH__ 64
#define __INT_FAST16_FMTd__ "hd"
#define __INT_FAST16_FMTi__ "hi"
#define __INT_FAST16_MAX__ 32767
#define __INT_FAST16_TYPE__ short
#define __INT_FAST32_FMTd__ "d"
#define __INT_FAST32_FMTi__ "i"
#define __INT_FAST32_MAX__ 2147483647
#define __INT_FAST32_TYPE__ int
#define __INT_FAST64_FMTd__ "ld"
#define __INT_FAST64_FMTi__ "li"
#define __INT_FAST64_MAX__ 9223372036854775807L
#define __INT_FAST64_TYPE__ long int
#define __INT_FAST8_FMTd__ "hhd"
#define __INT_FAST8_FMTi__ "hhi"
#define __INT_FAST8_MAX__ 127
#define __INT_FAST8_TYPE__ signed char
#define __INT_LEAST16_FMTd__ "hd"
#define __INT_LEAST16_FMTi__ "hi"
#define __INT_LEAST16_MAX__ 32767
#define __INT_LEAST16_TYPE__ short
#define __INT_LEAST32_FMTd__ "d"
#define __INT_LEAST32_FMTi__ "i"
#define __INT_LEAST32_MAX__ 2147483647
#define __INT_LEAST32_TYPE__ int
#define __INT_LEAST64_FMTd__ "ld"
#define __INT_LEAST64_FMTi__ "li"
#define __INT_LEAST64_MAX__ 9223372036854775807L
#define __INT_LEAST64_TYPE__ long int
#define __INT_LEAST8_FMTd__ "hhd"
#define __INT_LEAST8_FMTi__ "hhi"
#define __INT_LEAST8_MAX__ 127
#define __INT_LEAST8_TYPE__ signed char
#define __INT_MAX__ 2147483647
#define __LDBL_DECIMAL_DIG__ 21
#define __LDBL_DENORM_MIN__ 3.64519953188247460253e-4951L
#define __LDBL_DIG__ 18
#define __LDBL_EPSILON__ 1.08420217248550443401e-19L
#define __LDBL_HAS_DENORM__ 1
#define __LDBL_HAS_INFINITY__ 1
#define __LDBL_HAS_QUIET_NAN__ 1
#define __LDBL_MANT_DIG__ 64
#define __LDBL_MAX_10_EXP__ 4932
#define __LDBL_MAX_EXP__ 16384
#define __LDBL_MAX__ 1.18973149535723176502e+4932L
#define __LDBL_MIN_10_EXP__ (-4931)
#define __LDBL_MIN_EXP__ (-16381)
#define __LDBL_MIN__ 3.36210314311209350626e-4932L
#define __LITTLE_ENDIAN__ 1
#define __LONG_LONG_MAX__ 9223372036854775807LL
#define __LONG_MAX__ 9223372036854775807L
#define __LP64__ 1
#define __MMX__ 1
#define __NO_INLINE__ 1
#define __NO_MATH_INLINES 1
#define __ORDER_BIG_ENDIAN__ 4321
#define __ORDER_LITTLE_ENDIAN__ 1234
#define __ORDER_PDP_ENDIAN__ 3412
#define __POINTER_WIDTH__ 64
#define __PRAGMA_REDEFINE_EXTNAME 1
#define __PTRDIFF_FMTd__ "ld"
#define __PTRDIFF_FMTi__ "li"
#define __PTRDIFF_MAX__ 9223372036854775807L
#define __PTRDIFF_TYPE__ long int
#define __PTRDIFF_WIDTH__ 64
#define __REGISTER_PREFIX__ 
#define __SCHAR_MAX__ 127
#define __SHRT_MAX__ 32767
#define __SIG_ATOMIC_MAX__ 2147483647
#define __SIG_ATOMIC_WIDTH__ 32
#define __SIZEOF_DOUBLE__ 8
#define __SIZEOF_FLOAT__ 4
#define __SIZEOF_INT128__ 16
#define __SIZEOF_INT__ 4
#define __SIZEOF_LONG_DOUBLE__ 16
#define __SIZEOF_LONG_LONG__ 8
#define __SIZEOF_LONG__ 8
#define __SIZEOF_POINTER__ 8
#define __SIZEOF_PTRDIFF_T__ 8
#define __SIZEOF_SHORT__ 2
#define __SIZEOF_SIZE_T__ 8
#define __SIZEOF_WCHAR_T__ 4
#define __SIZEOF_WINT_T__ 4
#define __SIZE_FMTX__ "lX"
#define __SIZE_FMTo__ "lo"
#define __SIZE_FMTu__ "lu"
#define __SIZE_FMTx__ "lx"
#define __SIZE_MAX__ 18446744073709551615UL
#define __SIZE_TYPE__ long unsigned int
#define __SIZE_WIDTH__ 64
#define __SSE2_MATH__ 1
#define __SSE2__ 1
#define __SSE_MATH__ 1
#define __SSE__ 1
#define __STDC_HOSTED__ 1
#define __STDC_UTF_16__ 1
#define __STDC_UTF_32__ 1
#define __STDC_VERSION__ 201112L
#define __STDC__ 1
#define __UINT16_C_SUFFIX__ 
#define __UINT16_FMTX__ "hX"
#define __UINT16_FMTo__ "ho"
#define __UINT16_FMTu__ "hu"
#define __UINT16_FMTx__ "hx"
#define __UINT16_MAX__ 65535
#define __UINT16_TYPE__ unsigned short
#define __UINT32_C_SUFFIX__ U
#define __UINT32_FMTX__ "X"
#define __UINT32_FMTo__ "o"
#define __UINT32_FMTu__ "u"
#define __UINT32_FMTx__ "x"
#define __UINT32_MAX__ 4294967295U
#define __UINT32_TYPE__ unsigned int
#define __UINT64_C_SUFFIX__ UL
#define __UINT64_FMTX__ "lX"
#define __UINT64_FMTo__ "lo"
#define __UINT64_FMTu__ "lu"
#define __UINT64_FMTx__ "lx"
#define __UINT64_MAX__ 18446744073709551615UL
#define __UINT64_TYPE__ long unsigned int
#define __UINT8_C_SUFFIX__ 
#define __UINT8_FMTX__ "hhX"
#define __UINT8_FMTo__ "hho"
#define __UINT8_FMTu__ "hhu"
#define __UINT8_FMTx__ "hhx"
#define __UINT8_MAX__ 255
#define __UINT8_TYPE__ unsigned char
#define __UINTMAX_C_SUFFIX__ UL
#define __UINTMAX_FMTX__ "lX"
#define __UINTMAX_FMTo__ "lo"
#define __UINTMAX_FMTu__ "lu"
#define __UINTMAX_FMTx__ "lx"
#define __UINTMAX_MAX__ 18446744073709551615UL
#define __UINTMAX_TYPE__ long unsigned int
#define __UINTMAX_WIDTH__ 64
#define __UINTPTR_FMTX__ "lX"
#define __UINTPTR_FMTo__ "lo"
#define __UINTPTR_FMTu__ "lu"
#define __UINTPTR_FMTx__ "lx"
#define __UINTPTR_MAX__ 18446744073709551615UL
#define __UINTPTR_TYPE__ long unsigned int
#define __UINTPTR_WIDTH__ 64
#define __UINT_FAST16_FMTX__ "hX"
#define __UINT_FAST16_FMTo__ "ho"
#define __UINT_FAST16_FMTu__ "hu"
#define __UINT_FAST16_FMTx__ "hx"
#define __UINT_FAST16_MAX__ 65535
#define __UINT_FAST16_TYPE__ unsigned short
#define __UINT_FAST32_FMTX__ "X"
#define __UINT_FAST32_FMTo__ "o"
#define __UINT_FAST32_FMTu__ "u"
#define __UINT_FAST32_FMTx__ "x"
#define __UINT_FAST32_MAX__ 4294967295U
#define __UINT_FAST32_TYPE__ unsigned int
#define __UINT_FAST64_FMTX__ "lX"
#define __UINT_FAST64_FMTo__ "lo"
#define __UINT_FAST64_FMTu__ "lu"
#define __UINT_FAST64_FMTx__ "lx"
#define __UINT_FAST64_MAX__ 18446744073709551615UL
#define __UINT_FAST64_TYPE__ long unsigned int
#define __UINT_FAST8_FMTX__ "hhX"
#define __UINT_FAST8_FMTo__ "hho"
#define __UINT_FAST8_FMTu__ "hhu"
#define __UINT_FAST8_FMTx__ "hhx"
#define __UINT_FAST8_MAX__ 255
#define __UINT_FAST8_TYPE__ unsigned char
#define __UINT_LEAST16_FMTX__ "hX"
#define __UINT_LEAST16_FMTo__ "ho"
#define __UINT_LEAST16_FMTu__ "hu"
#define __UINT_LEAST16_FMTx__ "hx"
#define __UINT_LEAST16_MAX__ 65535
#define __UINT_LEAST16_TYPE__ unsigned short
#define __UINT_LEAST32_FMTX__ "X"
#define __UINT_LEAST32_FMTo__ "o"
#define __UINT_LEAST32_FMTu__ "u"
#define __UINT_LEAST32_FMTx__ "x"
#define __UINT_LEAST32_MAX__ 4294967295U
#define __UINT_LEAST32_TYPE__ unsigned int
#define __UINT_LEAST64_FMTX__ "lX"
#define __UINT_LEAST64_FMTo__ "lo"
#define __UINT_LEAST64_FMTu__ "lu"
#define __UINT_LEAST64_FMTx__ "lx"
#define __UINT_LEAST64_MAX__ 18446744073709551615UL
#define __UINT_LEAST64_TYPE__ long unsigned int
#define __UINT_LEAST8_FMTX__ "hhX"
#define __UINT_LEAST8_FMTo__ "hho"
#define __UINT_LEAST8_FMTu__ "hhu"
#define __UINT_LEAST8_FMTx__ "hhx"
#define __UINT_LEAST8_MAX__ 255
#define __UINT_LEAST8_TYPE__ unsigned char
#define __USER_LABEL_PREFIX__ 
#define __VERSION__ "4.2.1 Compatible Clang 3.9.1 (tags/RELEASE_391/rc2)"
#define __WCHAR_MAX__ 2147483647
#define __WCHAR_TYPE__ int
#define __WCHAR_WIDTH__ 32
#define __WINT_TYPE__ unsigned int
#define __WINT_UNSIGNED__ 1
#define __WINT_WIDTH__ 32
#define __amd64 1
#define __amd64__ 1
#define __clang__ 1
#define __clang_major__ 3
#define __clang_minor__ 9
#define __clang_patchlevel__ 1
#define __clang_version__ "3.9.1 (tags/RELEASE_391/rc2)"
#define __gnu_linux__ 1
#define __k8 1
#define __k8__ 1
#define __linux 1
#define __linux__ 1
#define __llvm__ 1
#define __tune_k8__ 1
#define __unix 1
#define __unix__ 1
#define __x86_64 1
#define __x86_64__ 1
#define linux 1
#define unix 1

find program=['llvm-ar', 'ar'] paths=['/home/ari-new-ae/bin', '/home/ari-new-ae/.local/bin', '/usr/local/sbin', '/usr/local/bin', '/usr/sbin', '/usr/bin', '/sbin', '/bin', '/usr/games', '/usr/local/games', '/snap/bin', '/home/ari-new-ae/conattest/conattest/gcc-linaro-6.2.1-2016.11-x86_64_arm-linux-gnueabihf/bin', '/home/ari-new-ae/conattest/gcc-linaro-6.2.1-2016.11-x86_64_arm-linux-gnueabihf/bin', '/home/ari-new-ae/conattestllvm/build/bin'] var='AR' -> ['/usr/bin/arm-linux-gnueabihf-ar']
find program=['ar'] paths=['/home/ari-new-ae/bin', '/home/ari-new-ae/.local/bin', '/usr/local/sbin', '/usr/local/bin', '/usr/sbin', '/usr/bin', '/sbin', '/bin', '/usr/games', '/usr/local/games', '/snap/bin', '/home/ari-new-ae/conattest/conattest/gcc-linaro-6.2.1-2016.11-x86_64_arm-linux-gnueabihf/bin', '/home/ari-new-ae/conattest/gcc-linaro-6.2.1-2016.11-x86_64_arm-linux-gnueabihf/bin', '/home/ari-new-ae/conattestllvm/build/bin'] var='AR' -> ['/usr/bin/arm-linux-gnueabihf-ar']
clang++
---------------------------------------------
Checking for 'gcc' (C compiler)
find program=['arm-linux-gnueabihf-gcc', 'arm-linux-gnueabihf-cc'] paths=['/home/ari-new-ae/bin', '/home/ari-new-ae/.local/bin', '/usr/local/sbin', '/usr/local/bin', '/usr/sbin', '/usr/bin', '/sbin', '/bin', '/usr/games', '/usr/local/games', '/snap/bin', '/home/ari-new-ae/conattest/conattest/gcc-linaro-6.2.1-2016.11-x86_64_arm-linux-gnueabihf/bin', '/home/ari-new-ae/conattest/gcc-linaro-6.2.1-2016.11-x86_64_arm-linux-gnueabihf/bin', '/home/ari-new-ae/conattestllvm/build/bin'] var='CC' -> ['clang']
['clang', '-dM', '-E', '-']
out: #define _LP64 1
#define __ATOMIC_ACQUIRE 2
#define __ATOMIC_ACQ_REL 4
#define __ATOMIC_CONSUME 1
#define __ATOMIC_RELAXED 0
#define __ATOMIC_RELEASE 3
#define __ATOMIC_SEQ_CST 5
#define __BIGGEST_ALIGNMENT__ 16
#define __BYTE_ORDER__ __ORDER_LITTLE_ENDIAN__
#define __CHAR16_TYPE__ unsigned short
#define __CHAR32_TYPE__ unsigned int
#define __CHAR_BIT__ 8
#define __CONSTANT_CFSTRINGS__ 1
#define __DBL_DECIMAL_DIG__ 17
#define __DBL_DENORM_MIN__ 4.9406564584124654e-324
#define __DBL_DIG__ 15
#define __DBL_EPSILON__ 2.2204460492503131e-16
#define __DBL_HAS_DENORM__ 1
#define __DBL_HAS_INFINITY__ 1
#define __DBL_HAS_QUIET_NAN__ 1
#define __DBL_MANT_DIG__ 53
#define __DBL_MAX_10_EXP__ 308
#define __DBL_MAX_EXP__ 1024
#define __DBL_MAX__ 1.7976931348623157e+308
#define __DBL_MIN_10_EXP__ (-307)
#define __DBL_MIN_EXP__ (-1021)
#define __DBL_MIN__ 2.2250738585072014e-308
#define __DECIMAL_DIG__ __LDBL_DECIMAL_DIG__
#define __ELF__ 1
#define __FINITE_MATH_ONLY__ 0
#define __FLOAT128__ 1
#define __FLT_DECIMAL_DIG__ 9
#define __FLT_DENORM_MIN__ 1.40129846e-45F
#define __FLT_DIG__ 6
#define __FLT_EPSILON__ 1.19209290e-7F
#define __FLT_EVAL_METHOD__ 0
#define __FLT_HAS_DENORM__ 1
#define __FLT_HAS_INFINITY__ 1
#define __FLT_HAS_QUIET_NAN__ 1
#define __FLT_MANT_DIG__ 24
#define __FLT_MAX_10_EXP__ 38
#define __FLT_MAX_EXP__ 128
#define __FLT_MAX__ 3.40282347e+38F
#define __FLT_MIN_10_EXP__ (-37)
#define __FLT_MIN_EXP__ (-125)
#define __FLT_MIN__ 1.17549435e-38F
#define __FLT_RADIX__ 2
#define __FXSR__ 1
#define __GCC_ATOMIC_BOOL_LOCK_FREE 2
#define __GCC_ATOMIC_CHAR16_T_LOCK_FREE 2
#define __GCC_ATOMIC_CHAR32_T_LOCK_FREE 2
#define __GCC_ATOMIC_CHAR_LOCK_FREE 2
#define __GCC_ATOMIC_INT_LOCK_FREE 2
#define __GCC_ATOMIC_LLONG_LOCK_FREE 2
#define __GCC_ATOMIC_LONG_LOCK_FREE 2
#define __GCC_ATOMIC_POINTER_LOCK_FREE 2
#define __GCC_ATOMIC_SHORT_LOCK_FREE 2
#define __GCC_ATOMIC_TEST_AND_SET_TRUEVAL 1
#define __GCC_ATOMIC_WCHAR_T_LOCK_FREE 2
#define __GCC_HAVE_SYNC_COMPARE_AND_SWAP_1 1
#define __GCC_HAVE_SYNC_COMPARE_AND_SWAP_2 1
#define __GCC_HAVE_SYNC_COMPARE_AND_SWAP_4 1
#define __GCC_HAVE_SYNC_COMPARE_AND_SWAP_8 1
#define __GNUC_MINOR__ 2
#define __GNUC_PATCHLEVEL__ 1
#define __GNUC_STDC_INLINE__ 1
#define __GNUC__ 4
#define __GXX_ABI_VERSION 1002
#define __INT16_C_SUFFIX__ 
#define __INT16_FMTd__ "hd"
#define __INT16_FMTi__ "hi"
#define __INT16_MAX__ 32767
#define __INT16_TYPE__ short
#define __INT32_C_SUFFIX__ 
#define __INT32_FMTd__ "d"
#define __INT32_FMTi__ "i"
#define __INT32_MAX__ 2147483647
#define __INT32_TYPE__ int
#define __INT64_C_SUFFIX__ L
#define __INT64_FMTd__ "ld"
#define __INT64_FMTi__ "li"
#define __INT64_MAX__ 9223372036854775807L
#define __INT64_TYPE__ long int
#define __INT8_C_SUFFIX__ 
#define __INT8_FMTd__ "hhd"
#define __INT8_FMTi__ "hhi"
#define __INT8_MAX__ 127
#define __INT8_TYPE__ signed char
#define __INTMAX_C_SUFFIX__ L
#define __INTMAX_FMTd__ "ld"
#define __INTMAX_FMTi__ "li"
#define __INTMAX_MAX__ 9223372036854775807L
#define __INTMAX_TYPE__ long int
#define __INTMAX_WIDTH__ 64
#define __INTPTR_FMTd__ "ld"
#define __INTPTR_FMTi__ "li"
#define __INTPTR_MAX__ 9223372036854775807L
#define __INTPTR_TYPE__ long int
#define __INTPTR_WIDTH__ 64
#define __INT_FAST16_FMTd__ "hd"
#define __INT_FAST16_FMTi__ "hi"
#define __INT_FAST16_MAX__ 32767
#define __INT_FAST16_TYPE__ short
#define __INT_FAST32_FMTd__ "d"
#define __INT_FAST32_FMTi__ "i"
#define __INT_FAST32_MAX__ 2147483647
#define __INT_FAST32_TYPE__ int
#define __INT_FAST64_FMTd__ "ld"
#define __INT_FAST64_FMTi__ "li"
#define __INT_FAST64_MAX__ 9223372036854775807L
#define __INT_FAST64_TYPE__ long int
#define __INT_FAST8_FMTd__ "hhd"
#define __INT_FAST8_FMTi__ "hhi"
#define __INT_FAST8_MAX__ 127
#define __INT_FAST8_TYPE__ signed char
#define __INT_LEAST16_FMTd__ "hd"
#define __INT_LEAST16_FMTi__ "hi"
#define __INT_LEAST16_MAX__ 32767
#define __INT_LEAST16_TYPE__ short
#define __INT_LEAST32_FMTd__ "d"
#define __INT_LEAST32_FMTi__ "i"
#define __INT_LEAST32_MAX__ 2147483647
#define __INT_LEAST32_TYPE__ int
#define __INT_LEAST64_FMTd__ "ld"
#define __INT_LEAST64_FMTi__ "li"
#define __INT_LEAST64_MAX__ 9223372036854775807L
#define __INT_LEAST64_TYPE__ long int
#define __INT_LEAST8_FMTd__ "hhd"
#define __INT_LEAST8_FMTi__ "hhi"
#define __INT_LEAST8_MAX__ 127
#define __INT_LEAST8_TYPE__ signed char
#define __INT_MAX__ 2147483647
#define __LDBL_DECIMAL_DIG__ 21
#define __LDBL_DENORM_MIN__ 3.64519953188247460253e-4951L
#define __LDBL_DIG__ 18
#define __LDBL_EPSILON__ 1.08420217248550443401e-19L
#define __LDBL_HAS_DENORM__ 1
#define __LDBL_HAS_INFINITY__ 1
#define __LDBL_HAS_QUIET_NAN__ 1
#define __LDBL_MANT_DIG__ 64
#define __LDBL_MAX_10_EXP__ 4932
#define __LDBL_MAX_EXP__ 16384
#define __LDBL_MAX__ 1.18973149535723176502e+4932L
#define __LDBL_MIN_10_EXP__ (-4931)
#define __LDBL_MIN_EXP__ (-16381)
#define __LDBL_MIN__ 3.36210314311209350626e-4932L
#define __LITTLE_ENDIAN__ 1
#define __LONG_LONG_MAX__ 9223372036854775807LL
#define __LONG_MAX__ 9223372036854775807L
#define __LP64__ 1
#define __MMX__ 1
#define __NO_INLINE__ 1
#define __NO_MATH_INLINES 1
#define __ORDER_BIG_ENDIAN__ 4321
#define __ORDER_LITTLE_ENDIAN__ 1234
#define __ORDER_PDP_ENDIAN__ 3412
#define __POINTER_WIDTH__ 64
#define __PRAGMA_REDEFINE_EXTNAME 1
#define __PTRDIFF_FMTd__ "ld"
#define __PTRDIFF_FMTi__ "li"
#define __PTRDIFF_MAX__ 9223372036854775807L
#define __PTRDIFF_TYPE__ long int
#define __PTRDIFF_WIDTH__ 64
#define __REGISTER_PREFIX__ 
#define __SCHAR_MAX__ 127
#define __SHRT_MAX__ 32767
#define __SIG_ATOMIC_MAX__ 2147483647
#define __SIG_ATOMIC_WIDTH__ 32
#define __SIZEOF_DOUBLE__ 8
#define __SIZEOF_FLOAT__ 4
#define __SIZEOF_INT128__ 16
#define __SIZEOF_INT__ 4
#define __SIZEOF_LONG_DOUBLE__ 16
#define __SIZEOF_LONG_LONG__ 8
#define __SIZEOF_LONG__ 8
#define __SIZEOF_POINTER__ 8
#define __SIZEOF_PTRDIFF_T__ 8
#define __SIZEOF_SHORT__ 2
#define __SIZEOF_SIZE_T__ 8
#define __SIZEOF_WCHAR_T__ 4
#define __SIZEOF_WINT_T__ 4
#define __SIZE_FMTX__ "lX"
#define __SIZE_FMTo__ "lo"
#define __SIZE_FMTu__ "lu"
#define __SIZE_FMTx__ "lx"
#define __SIZE_MAX__ 18446744073709551615UL
#define __SIZE_TYPE__ long unsigned int
#define __SIZE_WIDTH__ 64
#define __SSE2_MATH__ 1
#define __SSE2__ 1
#define __SSE_MATH__ 1
#define __SSE__ 1
#define __STDC_HOSTED__ 1
#define __STDC_UTF_16__ 1
#define __STDC_UTF_32__ 1
#define __STDC_VERSION__ 201112L
#define __STDC__ 1
#define __UINT16_C_SUFFIX__ 
#define __UINT16_FMTX__ "hX"
#define __UINT16_FMTo__ "ho"
#define __UINT16_FMTu__ "hu"
#define __UINT16_FMTx__ "hx"
#define __UINT16_MAX__ 65535
#define __UINT16_TYPE__ unsigned short
#define __UINT32_C_SUFFIX__ U
#define __UINT32_FMTX__ "X"
#define __UINT32_FMTo__ "o"
#define __UINT32_FMTu__ "u"
#define __UINT32_FMTx__ "x"
#define __UINT32_MAX__ 4294967295U
#define __UINT32_TYPE__ unsigned int
#define __UINT64_C_SUFFIX__ UL
#define __UINT64_FMTX__ "lX"
#define __UINT64_FMTo__ "lo"
#define __UINT64_FMTu__ "lu"
#define __UINT64_FMTx__ "lx"
#define __UINT64_MAX__ 18446744073709551615UL
#define __UINT64_TYPE__ long unsigned int
#define __UINT8_C_SUFFIX__ 
#define __UINT8_FMTX__ "hhX"
#define __UINT8_FMTo__ "hho"
#define __UINT8_FMTu__ "hhu"
#define __UINT8_FMTx__ "hhx"
#define __UINT8_MAX__ 255
#define __UINT8_TYPE__ unsigned char
#define __UINTMAX_C_SUFFIX__ UL
#define __UINTMAX_FMTX__ "lX"
#define __UINTMAX_FMTo__ "lo"
#define __UINTMAX_FMTu__ "lu"
#define __UINTMAX_FMTx__ "lx"
#define __UINTMAX_MAX__ 18446744073709551615UL
#define __UINTMAX_TYPE__ long unsigned int
#define __UINTMAX_WIDTH__ 64
#define __UINTPTR_FMTX__ "lX"
#define __UINTPTR_FMTo__ "lo"
#define __UINTPTR_FMTu__ "lu"
#define __UINTPTR_FMTx__ "lx"
#define __UINTPTR_MAX__ 18446744073709551615UL
#define __UINTPTR_TYPE__ long unsigned int
#define __UINTPTR_WIDTH__ 64
#define __UINT_FAST16_FMTX__ "hX"
#define __UINT_FAST16_FMTo__ "ho"
#define __UINT_FAST16_FMTu__ "hu"
#define __UINT_FAST16_FMTx__ "hx"
#define __UINT_FAST16_MAX__ 65535
#define __UINT_FAST16_TYPE__ unsigned short
#define __UINT_FAST32_FMTX__ "X"
#define __UINT_FAST32_FMTo__ "o"
#define __UINT_FAST32_FMTu__ "u"
#define __UINT_FAST32_FMTx__ "x"
#define __UINT_FAST32_MAX__ 4294967295U
#define __UINT_FAST32_TYPE__ unsigned int
#define __UINT_FAST64_FMTX__ "lX"
#define __UINT_FAST64_FMTo__ "lo"
#define __UINT_FAST64_FMTu__ "lu"
#define __UINT_FAST64_FMTx__ "lx"
#define __UINT_FAST64_MAX__ 18446744073709551615UL
#define __UINT_FAST64_TYPE__ long unsigned int
#define __UINT_FAST8_FMTX__ "hhX"
#define __UINT_FAST8_FMTo__ "hho"
#define __UINT_FAST8_FMTu__ "hhu"
#define __UINT_FAST8_FMTx__ "hhx"
#define __UINT_FAST8_MAX__ 255
#define __UINT_FAST8_TYPE__ unsigned char
#define __UINT_LEAST16_FMTX__ "hX"
#define __UINT_LEAST16_FMTo__ "ho"
#define __UINT_LEAST16_FMTu__ "hu"
#define __UINT_LEAST16_FMTx__ "hx"
#define __UINT_LEAST16_MAX__ 65535
#define __UINT_LEAST16_TYPE__ unsigned short
#define __UINT_LEAST32_FMTX__ "X"
#define __UINT_LEAST32_FMTo__ "o"
#define __UINT_LEAST32_FMTu__ "u"
#define __UINT_LEAST32_FMTx__ "x"
#define __UINT_LEAST32_MAX__ 4294967295U
#define __UINT_LEAST32_TYPE__ unsigned int
#define __UINT_LEAST64_FMTX__ "lX"
#define __UINT_LEAST64_FMTo__ "lo"
#define __UINT_LEAST64_FMTu__ "lu"
#define __UINT_LEAST64_FMTx__ "lx"
#define __UINT_LEAST64_MAX__ 18446744073709551615UL
#define __UINT_LEAST64_TYPE__ long unsigned int
#define __UINT_LEAST8_FMTX__ "hhX"
#define __UINT_LEAST8_FMTo__ "hho"
#define __UINT_LEAST8_FMTu__ "hhu"
#define __UINT_LEAST8_FMTx__ "hhx"
#define __UINT_LEAST8_MAX__ 255
#define __UINT_LEAST8_TYPE__ unsigned char
#define __USER_LABEL_PREFIX__ 
#define __VERSION__ "4.2.1 Compatible Clang 3.9.1 (tags/RELEASE_391/rc2)"
#define __WCHAR_MAX__ 2147483647
#define __WCHAR_TYPE__ int
#define __WCHAR_WIDTH__ 32
#define __WINT_TYPE__ unsigned int
#define __WINT_UNSIGNED__ 1
#define __WINT_WIDTH__ 32
#define __amd64 1
#define __amd64__ 1
#define __clang__ 1
#define __clang_major__ 3
#define __clang_minor__ 9
#define __clang_patchlevel__ 1
#define __clang_version__ "3.9.1 (tags/RELEASE_391/rc2)"
#define __gnu_linux__ 1
#define __k8 1
#define __k8__ 1
#define __linux 1
#define __linux__ 1
#define __llvm__ 1
#define __tune_k8__ 1
#define __unix 1
#define __unix__ 1
#define __x86_64 1
#define __x86_64__ 1
#define linux 1
#define unix 1

from /home/ari-new-ae/conattest/ardupilot: Could not find gcc/g++ (only Clang), if renamed try eg: CC=gcc48 CXX=g++48 waf configure
not found
---------------------------------------------
Checking for 'clang' (C compiler)
find program=['arm-linux-gnueabihf-gcc'] paths=['/home/ari-new-ae/bin', '/home/ari-new-ae/.local/bin', '/usr/local/sbin', '/usr/local/bin', '/usr/sbin', '/usr/bin', '/sbin', '/bin', '/usr/games', '/usr/local/games', '/snap/bin', '/home/ari-new-ae/conattest/conattest/gcc-linaro-6.2.1-2016.11-x86_64_arm-linux-gnueabihf/bin', '/home/ari-new-ae/conattest/gcc-linaro-6.2.1-2016.11-x86_64_arm-linux-gnueabihf/bin', '/home/ari-new-ae/conattestllvm/build/bin'] var='CROSS_GCC' -> ['/usr/bin/arm-linux-gnueabihf-gcc']
find program=['arm-linux-gnueabihf-ar'] paths=['/home/ari-new-ae/bin', '/home/ari-new-ae/.local/bin', '/usr/local/sbin', '/usr/local/bin', '/usr/sbin', '/usr/bin', '/sbin', '/bin', '/usr/games', '/usr/local/games', '/snap/bin', '/home/ari-new-ae/conattest/conattest/gcc-linaro-6.2.1-2016.11-x86_64_arm-linux-gnueabihf/bin', '/home/ari-new-ae/conattest/gcc-linaro-6.2.1-2016.11-x86_64_arm-linux-gnueabihf/bin', '/home/ari-new-ae/conattestllvm/build/bin'] var='TOOLCHAIN_CROSS_AR' -> ['/usr/bin/arm-linux-gnueabihf-ar']
find program=['clang'] paths=['/home/ari-new-ae/bin', '/home/ari-new-ae/.local/bin', '/usr/local/sbin', '/usr/local/bin', '/usr/sbin', '/usr/bin', '/sbin', '/bin', '/usr/games', '/usr/local/games', '/snap/bin', '/home/ari-new-ae/conattest/conattest/gcc-linaro-6.2.1-2016.11-x86_64_arm-linux-gnueabihf/bin', '/home/ari-new-ae/conattest/gcc-linaro-6.2.1-2016.11-x86_64_arm-linux-gnueabihf/bin', '/home/ari-new-ae/conattestllvm/build/bin'] var='CC' -> ['clang']
['clang', '-dM', '-E', '-']
out: #define _LP64 1
#define __ATOMIC_ACQUIRE 2
#define __ATOMIC_ACQ_REL 4
#define __ATOMIC_CONSUME 1
#define __ATOMIC_RELAXED 0
#define __ATOMIC_RELEASE 3
#define __ATOMIC_SEQ_CST 5
#define __BIGGEST_ALIGNMENT__ 16
#define __BYTE_ORDER__ __ORDER_LITTLE_ENDIAN__
#define __CHAR16_TYPE__ unsigned short
#define __CHAR32_TYPE__ unsigned int
#define __CHAR_BIT__ 8
#define __CONSTANT_CFSTRINGS__ 1
#define __DBL_DECIMAL_DIG__ 17
#define __DBL_DENORM_MIN__ 4.9406564584124654e-324
#define __DBL_DIG__ 15
#define __DBL_EPSILON__ 2.2204460492503131e-16
#define __DBL_HAS_DENORM__ 1
#define __DBL_HAS_INFINITY__ 1
#define __DBL_HAS_QUIET_NAN__ 1
#define __DBL_MANT_DIG__ 53
#define __DBL_MAX_10_EXP__ 308
#define __DBL_MAX_EXP__ 1024
#define __DBL_MAX__ 1.7976931348623157e+308
#define __DBL_MIN_10_EXP__ (-307)
#define __DBL_MIN_EXP__ (-1021)
#define __DBL_MIN__ 2.2250738585072014e-308
#define __DECIMAL_DIG__ __LDBL_DECIMAL_DIG__
#define __ELF__ 1
#define __FINITE_MATH_ONLY__ 0
#define __FLOAT128__ 1
#define __FLT_DECIMAL_DIG__ 9
#define __FLT_DENORM_MIN__ 1.40129846e-45F
#define __FLT_DIG__ 6
#define __FLT_EPSILON__ 1.19209290e-7F
#define __FLT_EVAL_METHOD__ 0
#define __FLT_HAS_DENORM__ 1
#define __FLT_HAS_INFINITY__ 1
#define __FLT_HAS_QUIET_NAN__ 1
#define __FLT_MANT_DIG__ 24
#define __FLT_MAX_10_EXP__ 38
#define __FLT_MAX_EXP__ 128
#define __FLT_MAX__ 3.40282347e+38F
#define __FLT_MIN_10_EXP__ (-37)
#define __FLT_MIN_EXP__ (-125)
#define __FLT_MIN__ 1.17549435e-38F
#define __FLT_RADIX__ 2
#define __FXSR__ 1
#define __GCC_ATOMIC_BOOL_LOCK_FREE 2
#define __GCC_ATOMIC_CHAR16_T_LOCK_FREE 2
#define __GCC_ATOMIC_CHAR32_T_LOCK_FREE 2
#define __GCC_ATOMIC_CHAR_LOCK_FREE 2
#define __GCC_ATOMIC_INT_LOCK_FREE 2
#define __GCC_ATOMIC_LLONG_LOCK_FREE 2
#define __GCC_ATOMIC_LONG_LOCK_FREE 2
#define __GCC_ATOMIC_POINTER_LOCK_FREE 2
#define __GCC_ATOMIC_SHORT_LOCK_FREE 2
#define __GCC_ATOMIC_TEST_AND_SET_TRUEVAL 1
#define __GCC_ATOMIC_WCHAR_T_LOCK_FREE 2
#define __GCC_HAVE_SYNC_COMPARE_AND_SWAP_1 1
#define __GCC_HAVE_SYNC_COMPARE_AND_SWAP_2 1
#define __GCC_HAVE_SYNC_COMPARE_AND_SWAP_4 1
#define __GCC_HAVE_SYNC_COMPARE_AND_SWAP_8 1
#define __GNUC_MINOR__ 2
#define __GNUC_PATCHLEVEL__ 1
#define __GNUC_STDC_INLINE__ 1
#define __GNUC__ 4
#define __GXX_ABI_VERSION 1002
#define __INT16_C_SUFFIX__ 
#define __INT16_FMTd__ "hd"
#define __INT16_FMTi__ "hi"
#define __INT16_MAX__ 32767
#define __INT16_TYPE__ short
#define __INT32_C_SUFFIX__ 
#define __INT32_FMTd__ "d"
#define __INT32_FMTi__ "i"
#define __INT32_MAX__ 2147483647
#define __INT32_TYPE__ int
#define __INT64_C_SUFFIX__ L
#define __INT64_FMTd__ "ld"
#define __INT64_FMTi__ "li"
#define __INT64_MAX__ 9223372036854775807L
#define __INT64_TYPE__ long int
#define __INT8_C_SUFFIX__ 
#define __INT8_FMTd__ "hhd"
#define __INT8_FMTi__ "hhi"
#define __INT8_MAX__ 127
#define __INT8_TYPE__ signed char
#define __INTMAX_C_SUFFIX__ L
#define __INTMAX_FMTd__ "ld"
#define __INTMAX_FMTi__ "li"
#define __INTMAX_MAX__ 9223372036854775807L
#define __INTMAX_TYPE__ long int
#define __INTMAX_WIDTH__ 64
#define __INTPTR_FMTd__ "ld"
#define __INTPTR_FMTi__ "li"
#define __INTPTR_MAX__ 9223372036854775807L
#define __INTPTR_TYPE__ long int
#define __INTPTR_WIDTH__ 64
#define __INT_FAST16_FMTd__ "hd"
#define __INT_FAST16_FMTi__ "hi"
#define __INT_FAST16_MAX__ 32767
#define __INT_FAST16_TYPE__ short
#define __INT_FAST32_FMTd__ "d"
#define __INT_FAST32_FMTi__ "i"
#define __INT_FAST32_MAX__ 2147483647
#define __INT_FAST32_TYPE__ int
#define __INT_FAST64_FMTd__ "ld"
#define __INT_FAST64_FMTi__ "li"
#define __INT_FAST64_MAX__ 9223372036854775807L
#define __INT_FAST64_TYPE__ long int
#define __INT_FAST8_FMTd__ "hhd"
#define __INT_FAST8_FMTi__ "hhi"
#define __INT_FAST8_MAX__ 127
#define __INT_FAST8_TYPE__ signed char
#define __INT_LEAST16_FMTd__ "hd"
#define __INT_LEAST16_FMTi__ "hi"
#define __INT_LEAST16_MAX__ 32767
#define __INT_LEAST16_TYPE__ short
#define __INT_LEAST32_FMTd__ "d"
#define __INT_LEAST32_FMTi__ "i"
#define __INT_LEAST32_MAX__ 2147483647
#define __INT_LEAST32_TYPE__ int
#define __INT_LEAST64_FMTd__ "ld"
#define __INT_LEAST64_FMTi__ "li"
#define __INT_LEAST64_MAX__ 9223372036854775807L
#define __INT_LEAST64_TYPE__ long int
#define __INT_LEAST8_FMTd__ "hhd"
#define __INT_LEAST8_FMTi__ "hhi"
#define __INT_LEAST8_MAX__ 127
#define __INT_LEAST8_TYPE__ signed char
#define __INT_MAX__ 2147483647
#define __LDBL_DECIMAL_DIG__ 21
#define __LDBL_DENORM_MIN__ 3.64519953188247460253e-4951L
#define __LDBL_DIG__ 18
#define __LDBL_EPSILON__ 1.08420217248550443401e-19L
#define __LDBL_HAS_DENORM__ 1
#define __LDBL_HAS_INFINITY__ 1
#define __LDBL_HAS_QUIET_NAN__ 1
#define __LDBL_MANT_DIG__ 64
#define __LDBL_MAX_10_EXP__ 4932
#define __LDBL_MAX_EXP__ 16384
#define __LDBL_MAX__ 1.18973149535723176502e+4932L
#define __LDBL_MIN_10_EXP__ (-4931)
#define __LDBL_MIN_EXP__ (-16381)
#define __LDBL_MIN__ 3.36210314311209350626e-4932L
#define __LITTLE_ENDIAN__ 1
#define __LONG_LONG_MAX__ 9223372036854775807LL
#define __LONG_MAX__ 9223372036854775807L
#define __LP64__ 1
#define __MMX__ 1
#define __NO_INLINE__ 1
#define __NO_MATH_INLINES 1
#define __ORDER_BIG_ENDIAN__ 4321
#define __ORDER_LITTLE_ENDIAN__ 1234
#define __ORDER_PDP_ENDIAN__ 3412
#define __POINTER_WIDTH__ 64
#define __PRAGMA_REDEFINE_EXTNAME 1
#define __PTRDIFF_FMTd__ "ld"
#define __PTRDIFF_FMTi__ "li"
#define __PTRDIFF_MAX__ 9223372036854775807L
#define __PTRDIFF_TYPE__ long int
#define __PTRDIFF_WIDTH__ 64
#define __REGISTER_PREFIX__ 
#define __SCHAR_MAX__ 127
#define __SHRT_MAX__ 32767
#define __SIG_ATOMIC_MAX__ 2147483647
#define __SIG_ATOMIC_WIDTH__ 32
#define __SIZEOF_DOUBLE__ 8
#define __SIZEOF_FLOAT__ 4
#define __SIZEOF_INT128__ 16
#define __SIZEOF_INT__ 4
#define __SIZEOF_LONG_DOUBLE__ 16
#define __SIZEOF_LONG_LONG__ 8
#define __SIZEOF_LONG__ 8
#define __SIZEOF_POINTER__ 8
#define __SIZEOF_PTRDIFF_T__ 8
#define __SIZEOF_SHORT__ 2
#define __SIZEOF_SIZE_T__ 8
#define __SIZEOF_WCHAR_T__ 4
#define __SIZEOF_WINT_T__ 4
#define __SIZE_FMTX__ "lX"
#define __SIZE_FMTo__ "lo"
#define __SIZE_FMTu__ "lu"
#define __SIZE_FMTx__ "lx"
#define __SIZE_MAX__ 18446744073709551615UL
#define __SIZE_TYPE__ long unsigned int
#define __SIZE_WIDTH__ 64
#define __SSE2_MATH__ 1
#define __SSE2__ 1
#define __SSE_MATH__ 1
#define __SSE__ 1
#define __STDC_HOSTED__ 1
#define __STDC_UTF_16__ 1
#define __STDC_UTF_32__ 1
#define __STDC_VERSION__ 201112L
#define __STDC__ 1
#define __UINT16_C_SUFFIX__ 
#define __UINT16_FMTX__ "hX"
#define __UINT16_FMTo__ "ho"
#define __UINT16_FMTu__ "hu"
#define __UINT16_FMTx__ "hx"
#define __UINT16_MAX__ 65535
#define __UINT16_TYPE__ unsigned short
#define __UINT32_C_SUFFIX__ U
#define __UINT32_FMTX__ "X"
#define __UINT32_FMTo__ "o"
#define __UINT32_FMTu__ "u"
#define __UINT32_FMTx__ "x"
#define __UINT32_MAX__ 4294967295U
#define __UINT32_TYPE__ unsigned int
#define __UINT64_C_SUFFIX__ UL
#define __UINT64_FMTX__ "lX"
#define __UINT64_FMTo__ "lo"
#define __UINT64_FMTu__ "lu"
#define __UINT64_FMTx__ "lx"
#define __UINT64_MAX__ 18446744073709551615UL
#define __UINT64_TYPE__ long unsigned int
#define __UINT8_C_SUFFIX__ 
#define __UINT8_FMTX__ "hhX"
#define __UINT8_FMTo__ "hho"
#define __UINT8_FMTu__ "hhu"
#define __UINT8_FMTx__ "hhx"
#define __UINT8_MAX__ 255
#define __UINT8_TYPE__ unsigned char
#define __UINTMAX_C_SUFFIX__ UL
#define __UINTMAX_FMTX__ "lX"
#define __UINTMAX_FMTo__ "lo"
#define __UINTMAX_FMTu__ "lu"
#define __UINTMAX_FMTx__ "lx"
#define __UINTMAX_MAX__ 18446744073709551615UL
#define __UINTMAX_TYPE__ long unsigned int
#define __UINTMAX_WIDTH__ 64
#define __UINTPTR_FMTX__ "lX"
#define __UINTPTR_FMTo__ "lo"
#define __UINTPTR_FMTu__ "lu"
#define __UINTPTR_FMTx__ "lx"
#define __UINTPTR_MAX__ 18446744073709551615UL
#define __UINTPTR_TYPE__ long unsigned int
#define __UINTPTR_WIDTH__ 64
#define __UINT_FAST16_FMTX__ "hX"
#define __UINT_FAST16_FMTo__ "ho"
#define __UINT_FAST16_FMTu__ "hu"
#define __UINT_FAST16_FMTx__ "hx"
#define __UINT_FAST16_MAX__ 65535
#define __UINT_FAST16_TYPE__ unsigned short
#define __UINT_FAST32_FMTX__ "X"
#define __UINT_FAST32_FMTo__ "o"
#define __UINT_FAST32_FMTu__ "u"
#define __UINT_FAST32_FMTx__ "x"
#define __UINT_FAST32_MAX__ 4294967295U
#define __UINT_FAST32_TYPE__ unsigned int
#define __UINT_FAST64_FMTX__ "lX"
#define __UINT_FAST64_FMTo__ "lo"
#define __UINT_FAST64_FMTu__ "lu"
#define __UINT_FAST64_FMTx__ "lx"
#define __UINT_FAST64_MAX__ 18446744073709551615UL
#define __UINT_FAST64_TYPE__ long unsigned int
#define __UINT_FAST8_FMTX__ "hhX"
#define __UINT_FAST8_FMTo__ "hho"
#define __UINT_FAST8_FMTu__ "hhu"
#define __UINT_FAST8_FMTx__ "hhx"
#define __UINT_FAST8_MAX__ 255
#define __UINT_FAST8_TYPE__ unsigned char
#define __UINT_LEAST16_FMTX__ "hX"
#define __UINT_LEAST16_FMTo__ "ho"
#define __UINT_LEAST16_FMTu__ "hu"
#define __UINT_LEAST16_FMTx__ "hx"
#define __UINT_LEAST16_MAX__ 65535
#define __UINT_LEAST16_TYPE__ unsigned short
#define __UINT_LEAST32_FMTX__ "X"
#define __UINT_LEAST32_FMTo__ "o"
#define __UINT_LEAST32_FMTu__ "u"
#define __UINT_LEAST32_FMTx__ "x"
#define __UINT_LEAST32_MAX__ 4294967295U
#define __UINT_LEAST32_TYPE__ unsigned int
#define __UINT_LEAST64_FMTX__ "lX"
#define __UINT_LEAST64_FMTo__ "lo"
#define __UINT_LEAST64_FMTu__ "lu"
#define __UINT_LEAST64_FMTx__ "lx"
#define __UINT_LEAST64_MAX__ 18446744073709551615UL
#define __UINT_LEAST64_TYPE__ long unsigned int
#define __UINT_LEAST8_FMTX__ "hhX"
#define __UINT_LEAST8_FMTo__ "hho"
#define __UINT_LEAST8_FMTu__ "hhu"
#define __UINT_LEAST8_FMTx__ "hhx"
#define __UINT_LEAST8_MAX__ 255
#define __UINT_LEAST8_TYPE__ unsigned char
#define __USER_LABEL_PREFIX__ 
#define __VERSION__ "4.2.1 Compatible Clang 3.9.1 (tags/RELEASE_391/rc2)"
#define __WCHAR_MAX__ 2147483647
#define __WCHAR_TYPE__ int
#define __WCHAR_WIDTH__ 32
#define __WINT_TYPE__ unsigned int
#define __WINT_UNSIGNED__ 1
#define __WINT_WIDTH__ 32
#define __amd64 1
#define __amd64__ 1
#define __clang__ 1
#define __clang_major__ 3
#define __clang_minor__ 9
#define __clang_patchlevel__ 1
#define __clang_version__ "3.9.1 (tags/RELEASE_391/rc2)"
#define __gnu_linux__ 1
#define __k8 1
#define __k8__ 1
#define __linux 1
#define __linux__ 1
#define __llvm__ 1
#define __tune_k8__ 1
#define __unix 1
#define __unix__ 1
#define __x86_64 1
#define __x86_64__ 1
#define linux 1
#define unix 1

find program=['llvm-ar', 'ar'] paths=['/home/ari-new-ae/bin', '/home/ari-new-ae/.local/bin', '/usr/local/sbin', '/usr/local/bin', '/usr/sbin', '/usr/bin', '/sbin', '/bin', '/usr/games', '/usr/local/games', '/snap/bin', '/home/ari-new-ae/conattest/conattest/gcc-linaro-6.2.1-2016.11-x86_64_arm-linux-gnueabihf/bin', '/home/ari-new-ae/conattest/gcc-linaro-6.2.1-2016.11-x86_64_arm-linux-gnueabihf/bin', '/home/ari-new-ae/conattestllvm/build/bin'] var='AR' -> ['/usr/bin/arm-linux-gnueabihf-ar']
find program=['ar'] paths=['/home/ari-new-ae/bin', '/home/ari-new-ae/.local/bin', '/usr/local/sbin', '/usr/local/bin', '/usr/sbin', '/usr/bin', '/sbin', '/bin', '/usr/games', '/usr/local/games', '/snap/bin', '/home/ari-new-ae/conattest/conattest/gcc-linaro-6.2.1-2016.11-x86_64_arm-linux-gnueabihf/bin', '/home/ari-new-ae/conattest/gcc-linaro-6.2.1-2016.11-x86_64_arm-linux-gnueabihf/bin', '/home/ari-new-ae/conattestllvm/build/bin'] var='AR' -> ['/usr/bin/arm-linux-gnueabihf-ar']
clang
---------------------------------------------
Checking for c flags '-MMD'
==>
int main() { return 0; }
<==
[1/1] Compiling [32mbuild/.conf_check_34c72e7d26df59c260fbcefe4dbea7c2/test.c[0m

['clang', '-MMD', '-DWAF_BUILD=1', '../../test.c', '-c', '-otest.c.1.o']
yes
---------------------------------------------
Checking for cxx flags '-MMD'
==>
int main() { return 0; }
<==
[1/1] Compiling [32mbuild/.conf_check_ce3327db936052291a901e5c2e6334b7/test.cpp[0m

['clang++', '-O0', '-g', '--target=arm-linux-gnueabihf', '-I/media/rpi/usr/include/arm-linux-gnueabihf', '-I/media/rpi/usr/include/arm-linux-gnueabihf/c++/6', '-MMD', '-DWAF_BUILD=1', '../../test.cpp', '-c', '-otest.cpp.1.o']
yes
---------------------------------------------
Checking for need to link with librt
==>

        #include <time.h>

        int main() {
            clock_gettime(CLOCK_REALTIME, NULL);
        }
<==
[1/2] Compiling [32mbuild/.conf_check_74a0a3b788d04877aa3a2ae0818fed56/test.cpp[0m

['clang++', '-O0', '-g', '--target=arm-linux-gnueabihf', '-I/media/rpi/usr/include/arm-linux-gnueabihf', '-I/media/rpi/usr/include/arm-linux-gnueabihf/c++/6', '-MMD', '--target=arm-linux-gnueabihf', '--gcc-toolchain=/usr', '--sysroot=/', '-B/usr/bin', '-DWAF_BUILD=1', '-D__STDC_FORMAT_MACROS=1', '../../test.cpp', '-c', '-otest.cpp.1.o']
[2/2] Linking [33mbuild/.conf_check_74a0a3b788d04877aa3a2ae0818fed56/testbuild/sitl/testprog[0m

['clang++', '--target=arm-linux-gnueabihf', '--gcc-toolchain=/usr', '--sysroot=/', '-B/usr/bin', 'test.cpp.1.o', '-otestprog', '-Wl,-Bstatic', '-Wl,-Bdynamic']
not necessary
---------------------------------------------
Checking for HAVE_CMATH_ISFINITE
==>

        #include <cmath>

        int main() {
          return std::isfinite(1.0f);
        }
<==
[1/2] Compiling [32mbuild/.conf_check_8e64dfa447686f3de738cdc516443ce7/test.cpp[0m

['clang++', '-std=gnu++11', '-fdata-sections', '-ffunction-sections', '-fno-exceptions', '-fsigned-char', '-Wall', '-Wextra', '-Wformat', '-Wshadow', '-Wpointer-arith', '-Wcast-align', '-Wundef', '-Wno-unused-parameter', '-Wno-missing-field-initializers', '-Wno-reorder', '-Wno-redundant-decls', '-Wno-unknown-pragmas', '-Werror=format-security', '-Werror=array-bounds', '-Werror=uninitialized', '-Werror=init-self', '-Werror=switch', '-Werror=sign-compare', '-Wfatal-errors', '-Wno-trigraphs', '-fcolor-diagnostics', '-Wno-gnu-designator', '-Wno-inconsistent-missing-override', '-Wno-mismatched-tags', '-Wno-gnu-variable-sized-type-not-at-end', '-Wno-c++11-narrowing', '-O3', '-fno-slp-vectorize', '-O0', '-g', '--target=arm-linux-gnueabihf', '-I/media/rpi/usr/include/arm-linux-gnueabihf', '-I/media/rpi/usr/include/arm-linux-gnueabihf/c++/6', '-MMD', '--target=arm-linux-gnueabihf', '--gcc-toolchain=/usr', '--sysroot=/', '-B/usr/bin', '-DCONFIG_HAL_BOARD=HAL_BOARD_SITL', '-DCONFIG_HAL_BOARD_SUBTYPE=HAL_BOARD_SUBTYPE_NONE', '-DWAF_BUILD=1', '-D__STDC_FORMAT_MACROS=1', '../../test.cpp', '-c', '-otest.cpp.1.o']
[2/2] Linking [33mbuild/.conf_check_8e64dfa447686f3de738cdc516443ce7/testbuild/sitl/testprog[0m

['clang++', '-Wl,--gc-sections', '-pthread', '--target=arm-linux-gnueabihf', '--gcc-toolchain=/usr', '--sysroot=/', '-B/usr/bin', 'test.cpp.1.o', '-otestprog', '-Wl,-Bstatic', '-Wl,-Bdynamic', '-lm']
yes
---------------------------------------------
Checking for HAVE_CMATH_ISINF
==>

        #include <cmath>

        int main() {
          return std::isinf(1.0f);
        }
<==
[1/2] Compiling [32mbuild/.conf_check_6dcb656b07441c49a22eecc6c213abd9/test.cpp[0m

['clang++', '-std=gnu++11', '-fdata-sections', '-ffunction-sections', '-fno-exceptions', '-fsigned-char', '-Wall', '-Wextra', '-Wformat', '-Wshadow', '-Wpointer-arith', '-Wcast-align', '-Wundef', '-Wno-unused-parameter', '-Wno-missing-field-initializers', '-Wno-reorder', '-Wno-redundant-decls', '-Wno-unknown-pragmas', '-Werror=format-security', '-Werror=array-bounds', '-Werror=uninitialized', '-Werror=init-self', '-Werror=switch', '-Werror=sign-compare', '-Wfatal-errors', '-Wno-trigraphs', '-fcolor-diagnostics', '-Wno-gnu-designator', '-Wno-inconsistent-missing-override', '-Wno-mismatched-tags', '-Wno-gnu-variable-sized-type-not-at-end', '-Wno-c++11-narrowing', '-O3', '-fno-slp-vectorize', '-O0', '-g', '--target=arm-linux-gnueabihf', '-I/media/rpi/usr/include/arm-linux-gnueabihf', '-I/media/rpi/usr/include/arm-linux-gnueabihf/c++/6', '-MMD', '--target=arm-linux-gnueabihf', '--gcc-toolchain=/usr', '--sysroot=/', '-B/usr/bin', '-DCONFIG_HAL_BOARD=HAL_BOARD_SITL', '-DCONFIG_HAL_BOARD_SUBTYPE=HAL_BOARD_SUBTYPE_NONE', '-DWAF_BUILD=1', '-D__STDC_FORMAT_MACROS=1', '-DHAVE_CMATH_ISFINITE=1', '../../test.cpp', '-c', '-otest.cpp.1.o']
[2/2] Linking [33mbuild/.conf_check_6dcb656b07441c49a22eecc6c213abd9/testbuild/sitl/testprog[0m

['clang++', '-Wl,--gc-sections', '-pthread', '--target=arm-linux-gnueabihf', '--gcc-toolchain=/usr', '--sysroot=/', '-B/usr/bin', 'test.cpp.1.o', '-otestprog', '-Wl,-Bstatic', '-Wl,-Bdynamic', '-lm']
yes
---------------------------------------------
Checking for HAVE_CMATH_ISNAN
==>

        #include <cmath>

        int main() {
          return std::isnan(1.0f);
        }
<==
[1/2] Compiling [32mbuild/.conf_check_1ca2db298e86a57f1ffb69e124008edc/test.cpp[0m

['clang++', '-std=gnu++11', '-fdata-sections', '-ffunction-sections', '-fno-exceptions', '-fsigned-char', '-Wall', '-Wextra', '-Wformat', '-Wshadow', '-Wpointer-arith', '-Wcast-align', '-Wundef', '-Wno-unused-parameter', '-Wno-missing-field-initializers', '-Wno-reorder', '-Wno-redundant-decls', '-Wno-unknown-pragmas', '-Werror=format-security', '-Werror=array-bounds', '-Werror=uninitialized', '-Werror=init-self', '-Werror=switch', '-Werror=sign-compare', '-Wfatal-errors', '-Wno-trigraphs', '-fcolor-diagnostics', '-Wno-gnu-designator', '-Wno-inconsistent-missing-override', '-Wno-mismatched-tags', '-Wno-gnu-variable-sized-type-not-at-end', '-Wno-c++11-narrowing', '-O3', '-fno-slp-vectorize', '-O0', '-g', '--target=arm-linux-gnueabihf', '-I/media/rpi/usr/include/arm-linux-gnueabihf', '-I/media/rpi/usr/include/arm-linux-gnueabihf/c++/6', '-MMD', '--target=arm-linux-gnueabihf', '--gcc-toolchain=/usr', '--sysroot=/', '-B/usr/bin', '-DCONFIG_HAL_BOARD=HAL_BOARD_SITL', '-DCONFIG_HAL_BOARD_SUBTYPE=HAL_BOARD_SUBTYPE_NONE', '-DWAF_BUILD=1', '-D__STDC_FORMAT_MACROS=1', '-DHAVE_CMATH_ISFINITE=1', '-DHAVE_CMATH_ISINF=1', '../../test.cpp', '-c', '-otest.cpp.1.o']
[2/2] Linking [33mbuild/.conf_check_1ca2db298e86a57f1ffb69e124008edc/testbuild/sitl/testprog[0m

['clang++', '-Wl,--gc-sections', '-pthread', '--target=arm-linux-gnueabihf', '--gcc-toolchain=/usr', '--sysroot=/', '-B/usr/bin', 'test.cpp.1.o', '-otestprog', '-Wl,-Bstatic', '-Wl,-Bdynamic', '-lm']
yes
----------------------------------------------
Checking for NEED_CMATH_ISFINITE_STD_NAMESPACE
==>

        #include <math.h>
        #include <cmath>

        using std::isfinite;

        int main() {
          return isfinite((double)1);
        }
<==
[1/2] Compiling [32mbuild/.conf_check_777bf3914ff690b0d44fe6309c89fbcc/test.cpp[0m

['clang++', '-std=gnu++11', '-fdata-sections', '-ffunction-sections', '-fno-exceptions', '-fsigned-char', '-Wall', '-Wextra', '-Wformat', '-Wshadow', '-Wpointer-arith', '-Wcast-align', '-Wundef', '-Wno-unused-parameter', '-Wno-missing-field-initializers', '-Wno-reorder', '-Wno-redundant-decls', '-Wno-unknown-pragmas', '-Werror=format-security', '-Werror=array-bounds', '-Werror=uninitialized', '-Werror=init-self', '-Werror=switch', '-Werror=sign-compare', '-Wfatal-errors', '-Wno-trigraphs', '-fcolor-diagnostics', '-Wno-gnu-designator', '-Wno-inconsistent-missing-override', '-Wno-mismatched-tags', '-Wno-gnu-variable-sized-type-not-at-end', '-Wno-c++11-narrowing', '-O3', '-fno-slp-vectorize', '-O0', '-g', '--target=arm-linux-gnueabihf', '-I/media/rpi/usr/include/arm-linux-gnueabihf', '-I/media/rpi/usr/include/arm-linux-gnueabihf/c++/6', '-MMD', '--target=arm-linux-gnueabihf', '--gcc-toolchain=/usr', '--sysroot=/', '-B/usr/bin', '-DCONFIG_HAL_BOARD=HAL_BOARD_SITL', '-DCONFIG_HAL_BOARD_SUBTYPE=HAL_BOARD_SUBTYPE_NONE', '-DWAF_BUILD=1', '-D__STDC_FORMAT_MACROS=1', '-DHAVE_CMATH_ISFINITE=1', '-DHAVE_CMATH_ISINF=1', '-DHAVE_CMATH_ISNAN=1', '../../test.cpp', '-c', '-otest.cpp.1.o']
[2/2] Linking [33mbuild/.conf_check_777bf3914ff690b0d44fe6309c89fbcc/testbuild/sitl/testprog[0m

['clang++', '-Wl,--gc-sections', '-pthread', '--target=arm-linux-gnueabihf', '--gcc-toolchain=/usr', '--sysroot=/', '-B/usr/bin', 'test.cpp.1.o', '-otestprog', '-Wl,-Bstatic', '-Wl,-Bdynamic', '-lm']
yes
----------------------------------------------
Checking for NEED_CMATH_ISINF_STD_NAMESPACE
==>

        #include <math.h>
        #include <cmath>

        using std::isinf;

        int main() {
          return isinf((double)1);
        }
<==
[1/2] Compiling [32mbuild/.conf_check_ff00bc57a9b055cffcb9b20a2438fd30/test.cpp[0m

['clang++', '-std=gnu++11', '-fdata-sections', '-ffunction-sections', '-fno-exceptions', '-fsigned-char', '-Wall', '-Wextra', '-Wformat', '-Wshadow', '-Wpointer-arith', '-Wcast-align', '-Wundef', '-Wno-unused-parameter', '-Wno-missing-field-initializers', '-Wno-reorder', '-Wno-redundant-decls', '-Wno-unknown-pragmas', '-Werror=format-security', '-Werror=array-bounds', '-Werror=uninitialized', '-Werror=init-self', '-Werror=switch', '-Werror=sign-compare', '-Wfatal-errors', '-Wno-trigraphs', '-fcolor-diagnostics', '-Wno-gnu-designator', '-Wno-inconsistent-missing-override', '-Wno-mismatched-tags', '-Wno-gnu-variable-sized-type-not-at-end', '-Wno-c++11-narrowing', '-O3', '-fno-slp-vectorize', '-O0', '-g', '--target=arm-linux-gnueabihf', '-I/media/rpi/usr/include/arm-linux-gnueabihf', '-I/media/rpi/usr/include/arm-linux-gnueabihf/c++/6', '-MMD', '--target=arm-linux-gnueabihf', '--gcc-toolchain=/usr', '--sysroot=/', '-B/usr/bin', '-DCONFIG_HAL_BOARD=HAL_BOARD_SITL', '-DCONFIG_HAL_BOARD_SUBTYPE=HAL_BOARD_SUBTYPE_NONE', '-DWAF_BUILD=1', '-D__STDC_FORMAT_MACROS=1', '-DHAVE_CMATH_ISFINITE=1', '-DHAVE_CMATH_ISINF=1', '-DHAVE_CMATH_ISNAN=1', '-DNEED_CMATH_ISFINITE_STD_NAMESPACE=1', '../../test.cpp', '-c', '-otest.cpp.1.o']
[2/2] Linking [33mbuild/.conf_check_ff00bc57a9b055cffcb9b20a2438fd30/testbuild/sitl/testprog[0m

['clang++', '-Wl,--gc-sections', '-pthread', '--target=arm-linux-gnueabihf', '--gcc-toolchain=/usr', '--sysroot=/', '-B/usr/bin', 'test.cpp.1.o', '-otestprog', '-Wl,-Bstatic', '-Wl,-Bdynamic', '-lm']
yes
----------------------------------------------
Checking for NEED_CMATH_ISNAN_STD_NAMESPACE
==>

        #include <math.h>
        #include <cmath>

        using std::isnan;

        int main() {
          return isnan((double)1);
        }
<==
[1/2] Compiling [32mbuild/.conf_check_b7a266586461600fadaa67f15d570eae/test.cpp[0m

['clang++', '-std=gnu++11', '-fdata-sections', '-ffunction-sections', '-fno-exceptions', '-fsigned-char', '-Wall', '-Wextra', '-Wformat', '-Wshadow', '-Wpointer-arith', '-Wcast-align', '-Wundef', '-Wno-unused-parameter', '-Wno-missing-field-initializers', '-Wno-reorder', '-Wno-redundant-decls', '-Wno-unknown-pragmas', '-Werror=format-security', '-Werror=array-bounds', '-Werror=uninitialized', '-Werror=init-self', '-Werror=switch', '-Werror=sign-compare', '-Wfatal-errors', '-Wno-trigraphs', '-fcolor-diagnostics', '-Wno-gnu-designator', '-Wno-inconsistent-missing-override', '-Wno-mismatched-tags', '-Wno-gnu-variable-sized-type-not-at-end', '-Wno-c++11-narrowing', '-O3', '-fno-slp-vectorize', '-O0', '-g', '--target=arm-linux-gnueabihf', '-I/media/rpi/usr/include/arm-linux-gnueabihf', '-I/media/rpi/usr/include/arm-linux-gnueabihf/c++/6', '-MMD', '--target=arm-linux-gnueabihf', '--gcc-toolchain=/usr', '--sysroot=/', '-B/usr/bin', '-DCONFIG_HAL_BOARD=HAL_BOARD_SITL', '-DCONFIG_HAL_BOARD_SUBTYPE=HAL_BOARD_SUBTYPE_NONE', '-DWAF_BUILD=1', '-D__STDC_FORMAT_MACROS=1', '-DHAVE_CMATH_ISFINITE=1', '-DHAVE_CMATH_ISINF=1', '-DHAVE_CMATH_ISNAN=1', '-DNEED_CMATH_ISFINITE_STD_NAMESPACE=1', '-DNEED_CMATH_ISINF_STD_NAMESPACE=1', '../../test.cpp', '-c', '-otest.cpp.1.o']
[2/2] Linking [33mbuild/.conf_check_b7a266586461600fadaa67f15d570eae/testbuild/sitl/testprog[0m

['clang++', '-Wl,--gc-sections', '-pthread', '--target=arm-linux-gnueabihf', '--gcc-toolchain=/usr', '--sysroot=/', '-B/usr/bin', 'test.cpp.1.o', '-otestprog', '-Wl,-Bstatic', '-Wl,-Bdynamic', '-lm']
yes
----------------------------------------------
Checking for header endian.h
==>
#include <endian.h>

int main(int argc, char **argv) {
	(void)argc; (void)argv;
	return 0;
}

<==
[1/2] Compiling [32mbuild/.conf_check_40ab14f74f4a2624888ce4ae46785b63/test.cpp[0m

['clang++', '-std=gnu++11', '-fdata-sections', '-ffunction-sections', '-fno-exceptions', '-fsigned-char', '-Wall', '-Wextra', '-Wformat', '-Wshadow', '-Wpointer-arith', '-Wcast-align', '-Wundef', '-Wno-unused-parameter', '-Wno-missing-field-initializers', '-Wno-reorder', '-Wno-redundant-decls', '-Wno-unknown-pragmas', '-Werror=format-security', '-Werror=array-bounds', '-Werror=uninitialized', '-Werror=init-self', '-Werror=switch', '-Werror=sign-compare', '-Wfatal-errors', '-Wno-trigraphs', '-fcolor-diagnostics', '-Wno-gnu-designator', '-Wno-inconsistent-missing-override', '-Wno-mismatched-tags', '-Wno-gnu-variable-sized-type-not-at-end', '-Wno-c++11-narrowing', '-O3', '-fno-slp-vectorize', '-O0', '-g', '--target=arm-linux-gnueabihf', '-I/media/rpi/usr/include/arm-linux-gnueabihf', '-I/media/rpi/usr/include/arm-linux-gnueabihf/c++/6', '-MMD', '--target=arm-linux-gnueabihf', '--gcc-toolchain=/usr', '--sysroot=/', '-B/usr/bin', '-DCONFIG_HAL_BOARD=HAL_BOARD_SITL', '-DCONFIG_HAL_BOARD_SUBTYPE=HAL_BOARD_SUBTYPE_NONE', '-DWAF_BUILD=1', '-D__STDC_FORMAT_MACROS=1', '-DHAVE_CMATH_ISFINITE=1', '-DHAVE_CMATH_ISINF=1', '-DHAVE_CMATH_ISNAN=1', '-DNEED_CMATH_ISFINITE_STD_NAMESPACE=1', '-DNEED_CMATH_ISINF_STD_NAMESPACE=1', '-DNEED_CMATH_ISNAN_STD_NAMESPACE=1', '../../test.cpp', '-c', '-otest.cpp.1.o']
[2/2] Linking [33mbuild/.conf_check_40ab14f74f4a2624888ce4ae46785b63/testbuild/sitl/testprog[0m

['clang++', '-Wl,--gc-sections', '-pthread', '--target=arm-linux-gnueabihf', '--gcc-toolchain=/usr', '--sysroot=/', '-B/usr/bin', 'test.cpp.1.o', '-otestprog', '-Wl,-Bstatic', '-Wl,-Bdynamic', '-lm']
yes
----------------------------------------------
Checking for header byteswap.h
==>
#include <byteswap.h>

int main(int argc, char **argv) {
	(void)argc; (void)argv;
	return 0;
}

<==
[1/2] Compiling [32mbuild/.conf_check_29be287b4c4996db11a5180238b5d923/test.cpp[0m

['clang++', '-std=gnu++11', '-fdata-sections', '-ffunction-sections', '-fno-exceptions', '-fsigned-char', '-Wall', '-Wextra', '-Wformat', '-Wshadow', '-Wpointer-arith', '-Wcast-align', '-Wundef', '-Wno-unused-parameter', '-Wno-missing-field-initializers', '-Wno-reorder', '-Wno-redundant-decls', '-Wno-unknown-pragmas', '-Werror=format-security', '-Werror=array-bounds', '-Werror=uninitialized', '-Werror=init-self', '-Werror=switch', '-Werror=sign-compare', '-Wfatal-errors', '-Wno-trigraphs', '-fcolor-diagnostics', '-Wno-gnu-designator', '-Wno-inconsistent-missing-override', '-Wno-mismatched-tags', '-Wno-gnu-variable-sized-type-not-at-end', '-Wno-c++11-narrowing', '-O3', '-fno-slp-vectorize', '-O0', '-g', '--target=arm-linux-gnueabihf', '-I/media/rpi/usr/include/arm-linux-gnueabihf', '-I/media/rpi/usr/include/arm-linux-gnueabihf/c++/6', '-MMD', '--target=arm-linux-gnueabihf', '--gcc-toolchain=/usr', '--sysroot=/', '-B/usr/bin', '-DCONFIG_HAL_BOARD=HAL_BOARD_SITL', '-DCONFIG_HAL_BOARD_SUBTYPE=HAL_BOARD_SUBTYPE_NONE', '-DWAF_BUILD=1', '-D__STDC_FORMAT_MACROS=1', '-DHAVE_CMATH_ISFINITE=1', '-DHAVE_CMATH_ISINF=1', '-DHAVE_CMATH_ISNAN=1', '-DNEED_CMATH_ISFINITE_STD_NAMESPACE=1', '-DNEED_CMATH_ISINF_STD_NAMESPACE=1', '-DNEED_CMATH_ISNAN_STD_NAMESPACE=1', '-DHAVE_ENDIAN_H=1', '../../test.cpp', '-c', '-otest.cpp.1.o']
[2/2] Linking [33mbuild/.conf_check_29be287b4c4996db11a5180238b5d923/testbuild/sitl/testprog[0m

['clang++', '-Wl,--gc-sections', '-pthread', '--target=arm-linux-gnueabihf', '--gcc-toolchain=/usr', '--sysroot=/', '-B/usr/bin', 'test.cpp.1.o', '-otestprog', '-Wl,-Bstatic', '-Wl,-Bdynamic', '-lm']
yes
----------------------------------------------
Checking for program 'python'
/usr/bin/python
find program=['python'] paths=['/home/ari-new-ae/bin', '/home/ari-new-ae/.local/bin', '/usr/local/sbin', '/usr/local/bin', '/usr/sbin', '/usr/bin', '/sbin', '/bin', '/usr/games', '/usr/local/games', '/snap/bin', '/home/ari-new-ae/conattest/conattest/gcc-linaro-6.2.1-2016.11-x86_64_arm-linux-gnueabihf/bin', '/home/ari-new-ae/conattest/gcc-linaro-6.2.1-2016.11-x86_64_arm-linux-gnueabihf/bin', '/home/ari-new-ae/conattestllvm/build/bin'] var='PYTHON' -> ['/usr/bin/python']
['/usr/bin/python', '-c', 'import imp;print(imp.get_tag())']
err: Traceback (most recent call last):
  File "<string>", line 1, in <module>
AttributeError: 'module' object has no attribute 'get_tag'

['/usr/bin/python', '-c', 'import sys\nfor x in sys.version_info: print(str(x))']
out: 2
7
12
final
0

['/usr/bin/python', '-c', "from distutils.sysconfig import get_config_var, get_python_lib\n\nprint(repr(get_python_lib(standard_lib=0, prefix='/usr') or ''))"]
out: '/usr/lib/python2.7/dist-packages'

'/usr/lib/python2.7/dist-packages'

['/usr/bin/python', '-c', "from distutils.sysconfig import get_config_var, get_python_lib\n\nprint(repr(get_python_lib(plat_specific=1, standard_lib=0, prefix='/usr') or ''))"]
out: '/usr/lib/python2.7/dist-packages'

'/usr/lib/python2.7/dist-packages'

----------------------------------------------
Checking for python version >= 2.7.0
2.7.12
----------------------------------------------
Checking for program 'python'
/usr/bin/python
find program=['python'] paths=['/home/ari-new-ae/bin', '/home/ari-new-ae/.local/bin', '/usr/local/sbin', '/usr/local/bin', '/usr/sbin', '/usr/bin', '/sbin', '/bin', '/usr/games', '/usr/local/games', '/snap/bin', '/home/ari-new-ae/conattest/conattest/gcc-linaro-6.2.1-2016.11-x86_64_arm-linux-gnueabihf/bin', '/home/ari-new-ae/conattest/gcc-linaro-6.2.1-2016.11-x86_64_arm-linux-gnueabihf/bin', '/home/ari-new-ae/conattestllvm/build/bin'] var='PYTHON' -> ['/usr/bin/python']
['/usr/bin/python', '-c', 'import imp;print(imp.get_tag())']
err: Traceback (most recent call last):
  File "<string>", line 1, in <module>
AttributeError: 'module' object has no attribute 'get_tag'

['/usr/bin/python', '-c', 'import sys\nfor x in sys.version_info: print(str(x))']
out: 2
7
12
final
0

----------------------------------------------
Checking for python version >= 2.7.0
2.7.12
----------------------------------------------
Source is git repository
no
----------------------------------------------
Update submodules
no
----------------------------------------------
Checking for program 'git'
/usr/bin/git
find program=['git'] paths=['/home/ari-new-ae/bin', '/home/ari-new-ae/.local/bin', '/usr/local/sbin', '/usr/local/bin', '/usr/sbin', '/usr/bin', '/sbin', '/bin', '/usr/games', '/usr/local/games', '/snap/bin', '/home/ari-new-ae/conattest/conattest/gcc-linaro-6.2.1-2016.11-x86_64_arm-linux-gnueabihf/bin', '/home/ari-new-ae/conattest/gcc-linaro-6.2.1-2016.11-x86_64_arm-linux-gnueabihf/bin', '/home/ari-new-ae/conattestllvm/build/bin'] var='GIT' -> ['/usr/bin/git']
-----------------------------------------------
Checking for program 'arm-linux-gnueabihf-size'
/usr/bin/arm-linux-gnueabihf-size
find program=['arm-linux-gnueabihf-size'] paths=['/home/ari-new-ae/bin', '/home/ari-new-ae/.local/bin', '/usr/local/sbin', '/usr/local/bin', '/usr/sbin', '/usr/bin', '/sbin', '/bin', '/usr/games', '/usr/local/games', '/snap/bin', '/home/ari-new-ae/conattest/conattest/gcc-linaro-6.2.1-2016.11-x86_64_arm-linux-gnueabihf/bin', '/home/ari-new-ae/conattest/gcc-linaro-6.2.1-2016.11-x86_64_arm-linux-gnueabihf/bin', '/home/ari-new-ae/conattestllvm/build/bin'] var='SIZE' -> ['/usr/bin/arm-linux-gnueabihf-size']
-----------------------------------------------
Benchmarks
disabled
-----------------------------------------------
Unit tests
disabled
-----------------------------------------------
Checking for program 'rsync'
/usr/bin/rsync
find program=['rsync'] paths=['/home/ari-new-ae/bin', '/home/ari-new-ae/.local/bin', '/usr/local/sbin', '/usr/local/bin', '/usr/sbin', '/usr/bin', '/sbin', '/bin', '/usr/games', '/usr/local/games', '/snap/bin', '/home/ari-new-ae/conattest/conattest/gcc-linaro-6.2.1-2016.11-x86_64_arm-linux-gnueabihf/bin', '/home/ari-new-ae/conattest/gcc-linaro-6.2.1-2016.11-x86_64_arm-linux-gnueabihf/bin', '/home/ari-new-ae/conattestllvm/build/bin'] var='RSYNC' -> ['/usr/bin/rsync']
