  >│0x106c4 <main+232>              ldr    r3, [pc, #104]  ; 0x10734 <main+344>                                                                                                                            │
   │0x106c8 <main+236>              ldr    r3, [r3]        ; in hex 0x21048 in dec 135240                                                                                                                                               │
   │0x106cc <main+240>              ldr    r2, [r11, #-12]                                                                                                                                                 │
   │0x106d0 <main+244>              lsl    r2, r2, #1                                                                                                                                                      │
   │0x106d4 <main+248>              add    r3, r3, r2                                                                                                                                                      │
   │0x106d8 <main+252>              ldr    r1, [r11, #-12]                                                                                                                                                 │
   │0x106dc <main+256>              mov    r2, #1        READ property?                                                                                                                                                  │
   │0x106e0 <main+260>              mov    r0, r3                
(gdb) info registers 
r0             0x25000  151552
r1             0x1000   4096
r2             0x1      1
r3             0x25000  151552
   │0x106e4 <main+264>              bl     0x10410 <mprotect@plt>                                                                                                                                          │
                                                                                                                                                                │


  >│0x76f32c10 <mprotect>                   push   {r7}            ; (str r7, [sp, #-4]!)                                                                                                                  │
   │0x76f32c14 <mprotect+4>                 mov    r7, #125        ; 0x7d             ; guess mprotect sys call no. is 0x7d                                                                                                                     │
   │0x76f32c18 <mprotect+8>                 svc    0x00000000                                                                                                                                              │
   │0x76f32c1c <mprotect+12>                pop    {r7}            ; (ldr r7, [sp], #4)                                                                                                                    │
   │0x76f32c20 <mprotect+16>                cmn    r0, #4096       ; 0x1000                                                                                                                                │
   │0x76f32c24 <mprotect+20>                bxcc   lr                                                                                                                                                      │
   │0x76f32c28 <mprotect+24>                b      0x76e7b7d0 <__syscall_error>                                                                                                                            │


  mov r2, #1       ; Prop READ
  mov r1, #2097152 ; 0x200000
  mov r0, #6291456 ; 0x600000
